Using pre-set license

 COMMAND LINE ARGUMENTS:
/Applications/Unity/Hub/Editor/2020.3.3f1/Unity.app/Contents/MacOS/Unity
-adb2
-batchMode
-noUpm
-name
AssetImportWorker1
-projectPath
/Users/ngocbich/Desktop/BTL-codeVA/game
-logFile
Logs/AssetImportWorker1.log
-srvPort
62043
Successfully changed project path to: /Users/ngocbich/Desktop/BTL-codeVA/game
/Users/ngocbich/Desktop/BTL-codeVA/game
Using Asset Import Pipeline V2.
Refreshing native plugins compatible for Editor in 49.51 ms, found 2 plugins.
Preloading 0 native plugins for Editor in 0.00 ms.
Initialize engine version: 2020.3.3f1 (76626098c1c4)
[Subsystems] Discovering subsystems at path /Applications/Unity/Hub/Editor/2020.3.3f1/Unity.app/Contents/Resources/UnitySubsystems
[Subsystems] Discovering subsystems at path /Users/ngocbich/Desktop/BTL-codeVA/game/Assets
GfxDevice: creating device client; threaded=0
2021-06-08 20:57:41.167 Unity[67978:1621132] E2219HN preferred device: Intel(R) Iris(TM) Plus Graphics 650 (low power)
2021-06-08 20:57:41.167 Unity[67978:1621132] Metal devices available: 1
2021-06-08 20:57:41.167 Unity[67978:1621132] 0: Intel(R) Iris(TM) Plus Graphics 650 (low power)
2021-06-08 20:57:41.167 Unity[67978:1621132] Using device Intel(R) Iris(TM) Plus Graphics 650 (low power)
Initializing Metal device caps: Intel(R) Iris(TM) Plus Graphics 650
Initialize mono
Mono path[0] = '/Applications/Unity/Hub/Editor/2020.3.3f1/Unity.app/Contents/Managed'
Mono path[1] = '/Applications/Unity/Hub/Editor/2020.3.3f1/Unity.app/Contents/MonoBleedingEdge/lib/mono/unityjit'
Mono config path = '/Applications/Unity/Hub/Editor/2020.3.3f1/Unity.app/Contents/MonoBleedingEdge/etc'
Using monoOptions --debugger-agent=transport=dt_socket,embedding=1,server=y,suspend=n,address=127.0.0.1:56978
Begin MonoManager ReloadAssembly
Registering precompiled unity dll's ...
Register platform support module: /Applications/Unity/Hub/Editor/2020.3.3f1/Unity.app/Contents/PlaybackEngines/MacStandaloneSupport/UnityEditor.OSXStandalone.Extensions.dll
Registered in 0.001504 seconds.
Native extension for OSXStandalone target not found
Refreshing native plugins compatible for Editor in 43.16 ms, found 2 plugins.
Preloading 0 native plugins for Editor in 0.00 ms.
Invoked RoslynAnalysisRunner static constructor.
RoslynAnalysisRunner will not be running.
RoslynAnalysisRunner has terminated.
Mono: successfully reloaded assembly
- Completed reload, in  2.399 seconds
Platform modules already initialized, skipping
Registering precompiled user dll's ...
Registered in 0.001789 seconds.
Begin MonoManager ReloadAssembly
Native extension for OSXStandalone target not found
Refreshing native plugins compatible for Editor in 47.70 ms, found 2 plugins.
Preloading 0 native plugins for Editor in 0.00 ms.
Invoked RoslynAnalysisRunner static constructor.
RoslynAnalysisRunner will not be running.
RoslynAnalysisRunner has terminated.
Mono: successfully reloaded assembly
- Completed reload, in  1.407 seconds
Platform modules already initialized, skipping
========================================================================
Worker process is ready to serve import requests
Launching external process: /Applications/Unity/Hub/Editor/2020.3.3f1/Unity.app/Contents/Tools/UnityShaderCompiler
Launched and connected shader compiler UnityShaderCompiler after 0.02 seconds
Refreshing native plugins compatible for Editor in 0.50 ms, found 2 plugins.
Preloading 0 native plugins for Editor in 0.00 ms.
Unloading 1816 Unused Serialized files (Serialized files now loaded: 0)
System memory in use before: 144.3 MB.
System memory in use after: 144.4 MB.

Unloading 19 unused Assets to reduce memory usage. Loaded Objects now: 2265.
Total: 3.018051 ms (FindLiveObjects: 0.391767 ms CreateObjectMapping: 0.099282 ms MarkObjects: 2.446186 ms  DeleteObjects: 0.078626 ms)

========================================================================
Received Import Request.
  path: Assets/horror/button01.png
  artifactKey: Guid(f8c40221a81045349a237d4bdd64570d) Importer(815301076,1909f56bfc062723c751e8b465ee728b)
Start importing Assets/horror/button01.png using Guid(f8c40221a81045349a237d4bdd64570d) Importer(815301076,1909f56bfc062723c751e8b465ee728b)  -> (artifact id: 'b65fc49ff4d26f4960d8b80b3e294add') in 1.296558 seconds
  Import took 1.303269 seconds .

========================================================================
Received Import Request.
  Time since last request: 334.569729 seconds.
  path: Assets/Images/MainMap
  artifactKey: Guid(48028656c64164f208f07df6582c78f9) Importer(815301076,1909f56bfc062723c751e8b465ee728b)
Start importing Assets/Images/MainMap using Guid(48028656c64164f208f07df6582c78f9) Importer(815301076,1909f56bfc062723c751e8b465ee728b)  -> (artifact id: '406eddde8c4e39187dff02b6cf19fb57') in 0.003375 seconds
  Import took 0.009725 seconds .

========================================================================
Received Import Request.
  Time since last request: 5.953987 seconds.
  path: Assets/Images/MainMap/Artboard 6-8.png
  artifactKey: Guid(17a3d480cef5c4b0fb9ca7955a279a98) Importer(815301076,1909f56bfc062723c751e8b465ee728b)
Start importing Assets/Images/MainMap/Artboard 6-8.png using Guid(17a3d480cef5c4b0fb9ca7955a279a98) Importer(815301076,1909f56bfc062723c751e8b465ee728b)  -> (artifact id: 'f0b73eb45a02e16b7d208acf64430a50') in 0.026982 seconds
  Import took 0.031954 seconds .

========================================================================
Received Import Request.
  Time since last request: 4.829418 seconds.
  path: Assets/Images/MainMap/Bg.png
  artifactKey: Guid(17a3d480cef5c4b0fb9ca7955a279a98) Importer(815301076,1909f56bfc062723c751e8b465ee728b)
Start importing Assets/Images/MainMap/Bg.png using Guid(17a3d480cef5c4b0fb9ca7955a279a98) Importer(815301076,1909f56bfc062723c751e8b465ee728b)  -> (artifact id: '7df7193cd68be90c7753acfa69c505cc') in 0.024939 seconds
  Import took 0.030782 seconds .

========================================================================
Received Import Request.
  Time since last request: 16.762303 seconds.
  path: Assets/Images/MainMap/Bg.png
  artifactKey: Guid(17a3d480cef5c4b0fb9ca7955a279a98) Importer(815301076,1909f56bfc062723c751e8b465ee728b)
Start importing Assets/Images/MainMap/Bg.png using Guid(17a3d480cef5c4b0fb9ca7955a279a98) Importer(815301076,1909f56bfc062723c751e8b465ee728b)  -> (artifact id: '9afe72192b7ab70ffc96091d6363d562') in 0.027184 seconds
  Import took 0.033083 seconds .

========================================================================
Received Import Request.
  Time since last request: 4.343889 seconds.
  path: Assets/Images/MainMap/Bg.png
  artifactKey: Guid(17a3d480cef5c4b0fb9ca7955a279a98) Importer(815301076,1909f56bfc062723c751e8b465ee728b)
Start importing Assets/Images/MainMap/Bg.png using Guid(17a3d480cef5c4b0fb9ca7955a279a98) Importer(815301076,1909f56bfc062723c751e8b465ee728b)  -> (artifact id: 'c69319a981db22896d8a2d7fad2076a3') in 0.019704 seconds
  Import took 0.024425 seconds .

========================================================================
Received Import Request.
  Time since last request: 0.001785 seconds.
  path: Assets/Images/MainMap/Bg.png
  artifactKey: Guid(17a3d480cef5c4b0fb9ca7955a279a98) Importer(815301076,1909f56bfc062723c751e8b465ee728b)
Start importing Assets/Images/MainMap/Bg.png using Guid(17a3d480cef5c4b0fb9ca7955a279a98) Importer(815301076,1909f56bfc062723c751e8b465ee728b)  -> (artifact id: 'c69319a981db22896d8a2d7fad2076a3') in 0.014353 seconds
  Import took 0.019644 seconds .

========================================================================
Received Import Request.
  Time since last request: 13.401916 seconds.
  path: Assets/Images/MainMap/Bg.png
  artifactKey: Guid(17a3d480cef5c4b0fb9ca7955a279a98) Importer(815301076,1909f56bfc062723c751e8b465ee728b)
Start importing Assets/Images/MainMap/Bg.png using Guid(17a3d480cef5c4b0fb9ca7955a279a98) Importer(815301076,1909f56bfc062723c751e8b465ee728b)  -> (artifact id: '48dd34fcafa216e9aeb869965f149af9') in 0.021938 seconds
  Import took 0.027419 seconds .

========================================================================
Received Import Request.
  Time since last request: 5.176375 seconds.
  path: Assets/Images/MainMap/Bg.png
  artifactKey: Guid(17a3d480cef5c4b0fb9ca7955a279a98) Importer(815301076,1909f56bfc062723c751e8b465ee728b)
Start importing Assets/Images/MainMap/Bg.png using Guid(17a3d480cef5c4b0fb9ca7955a279a98) Importer(815301076,1909f56bfc062723c751e8b465ee728b)  -> (artifact id: '443713eed165588dacbd3a837a821ac2') in 0.016854 seconds
  Import took 0.022140 seconds .

========================================================================
Received Import Request.
  Time since last request: 59.664557 seconds.
  path: Assets/Images/MainMap/BgMainMap.png
  artifactKey: Guid(3167a7c1bd2f14903856d00ada1ea485) Importer(815301076,1909f56bfc062723c751e8b465ee728b)
Start importing Assets/Images/MainMap/BgMainMap.png using Guid(3167a7c1bd2f14903856d00ada1ea485) Importer(815301076,1909f56bfc062723c751e8b465ee728b)  -> (artifact id: 'bb25235cb2ba4b4010c1468b5548ed9d') in 0.021798 seconds
  Import took 0.029455 seconds .

========================================================================
Received Import Request.
  Time since last request: 4.926668 seconds.
  path: Assets/Images/MainMap/BgMainMap.png
  artifactKey: Guid(3167a7c1bd2f14903856d00ada1ea485) Importer(815301076,1909f56bfc062723c751e8b465ee728b)
Start importing Assets/Images/MainMap/BgMainMap.png using Guid(3167a7c1bd2f14903856d00ada1ea485) Importer(815301076,1909f56bfc062723c751e8b465ee728b)  -> (artifact id: '9b0cd3a0a381276202d03d7d0cccd058') in 0.016789 seconds
  Import took 0.021555 seconds .

========================================================================
Received Import Request.
  Time since last request: 0.011777 seconds.
  path: Assets/Images/MainMap/BgMainMap.png
  artifactKey: Guid(3167a7c1bd2f14903856d00ada1ea485) Importer(815301076,1909f56bfc062723c751e8b465ee728b)
Start importing Assets/Images/MainMap/BgMainMap.png using Guid(3167a7c1bd2f14903856d00ada1ea485) Importer(815301076,1909f56bfc062723c751e8b465ee728b)  -> (artifact id: '9b0cd3a0a381276202d03d7d0cccd058') in 0.017840 seconds
  Import took 0.023674 seconds .

========================================================================
Received Import Request.
  Time since last request: 29.613049 seconds.
  path: Assets/Creepy_Island.png
  artifactKey: Guid(e78f292ffb081624e8437d1927cf84f0) Importer(815301076,1909f56bfc062723c751e8b465ee728b)
Start importing Assets/Creepy_Island.png using Guid(e78f292ffb081624e8437d1927cf84f0) Importer(815301076,1909f56bfc062723c751e8b465ee728b)  -> (artifact id: 'd4c174003d0da4f3ebb67956efae6375') in 0.068918 seconds
  Import took 0.073390 seconds .

========================================================================
Received Import Request.
  Time since last request: 3.741438 seconds.
  path: Assets/Creepy_Island.png
  artifactKey: Guid(e78f292ffb081624e8437d1927cf84f0) Importer(815301076,1909f56bfc062723c751e8b465ee728b)
Start importing Assets/Creepy_Island.png using Guid(e78f292ffb081624e8437d1927cf84f0) Importer(815301076,1909f56bfc062723c751e8b465ee728b)  -> (artifact id: '1810587674b972f8d27e6b0835ad4faf') in 0.017643 seconds
  Import took 0.023533 seconds .

========================================================================
Received Import Request.
  Time since last request: 6.486821 seconds.
  path: Assets/Creepy_Island.png
  artifactKey: Guid(e78f292ffb081624e8437d1927cf84f0) Importer(815301076,1909f56bfc062723c751e8b465ee728b)
Start importing Assets/Creepy_Island.png using Guid(e78f292ffb081624e8437d1927cf84f0) Importer(815301076,1909f56bfc062723c751e8b465ee728b)  -> (artifact id: '327ef44a00acb349507acd5fa46cf618') in 0.019759 seconds
  Import took 0.026086 seconds .

========================================================================
Received Import Request.
  Time since last request: 27.397868 seconds.
  path: Assets/Creepy_Island.png
  artifactKey: Guid(e78f292ffb081624e8437d1927cf84f0) Importer(815301076,1909f56bfc062723c751e8b465ee728b)
Start importing Assets/Creepy_Island.png using Guid(e78f292ffb081624e8437d1927cf84f0) Importer(815301076,1909f56bfc062723c751e8b465ee728b)  -> (artifact id: '96af7d8457a12b72d4f9e80b27364ab0') in 0.046135 seconds
  Import took 0.050292 seconds .

========================================================================
Received Import Request.
  Time since last request: 35.880136 seconds.
  path: Assets/Scenes/pngkit_treasure-png_1201661.png
  artifactKey: Guid(e9c5841a5170d814b948f0a6bfa99216) Importer(815301076,1909f56bfc062723c751e8b465ee728b)
Start importing Assets/Scenes/pngkit_treasure-png_1201661.png using Guid(e9c5841a5170d814b948f0a6bfa99216) Importer(815301076,1909f56bfc062723c751e8b465ee728b)  -> (artifact id: 'a646d361f6a1c028c57b90b9d5c6276e') in 0.027025 seconds
  Import took 0.033552 seconds .

========================================================================
Received Import Request.
  Time since last request: 4.482039 seconds.
  path: Assets/Scenes/pngkit_treasure-png_1201661.png
  artifactKey: Guid(e9c5841a5170d814b948f0a6bfa99216) Importer(815301076,1909f56bfc062723c751e8b465ee728b)
Start importing Assets/Scenes/pngkit_treasure-png_1201661.png using Guid(e9c5841a5170d814b948f0a6bfa99216) Importer(815301076,1909f56bfc062723c751e8b465ee728b)  -> (artifact id: '28048b34d12efc4f74a222fd2bb2c547') in 0.035587 seconds
  Import took 0.041063 seconds .

========================================================================
Received Prepare
Registering precompiled user dll's ...
Registered in 0.001657 seconds.
Begin MonoManager ReloadAssembly
Native extension for OSXStandalone target not found
Refreshing native plugins compatible for Editor in 0.51 ms, found 2 plugins.
Preloading 0 native plugins for Editor in 0.00 ms.
Invoked RoslynAnalysisRunner static constructor.
RoslynAnalysisRunner will not be running.
RoslynAnalysisRunner has terminated.
Mono: successfully reloaded assembly
- Completed reload, in  1.483 seconds
Platform modules already initialized, skipping
Refreshing native plugins compatible for Editor in 0.65 ms, found 2 plugins.
Preloading 0 native plugins for Editor in 0.00 ms.
Unloading 1806 Unused Serialized files (Serialized files now loaded: 0)
System memory in use before: 151.7 MB.
System memory in use after: 151.8 MB.

Unloading 7 unused Assets to reduce memory usage. Loaded Objects now: 2279.
Total: 2.938122 ms (FindLiveObjects: 0.370084 ms CreateObjectMapping: 0.093056 ms MarkObjects: 2.454502 ms  DeleteObjects: 0.017753 ms)

========================================================================
Received Import Request.
  Time since last request: 682.353414 seconds.
  path: Assets/Images/MainMap/island3.png
  artifactKey: Guid(d9d9bb272f3a74fc5999f7aefa652d8b) Importer(815301076,1909f56bfc062723c751e8b465ee728b)
Start importing Assets/Images/MainMap/island3.png using Guid(d9d9bb272f3a74fc5999f7aefa652d8b) Importer(815301076,1909f56bfc062723c751e8b465ee728b)  -> (artifact id: 'e92cdc47d8dca6f37b9387088ea3fe0f') in 0.250735 seconds
  Import took 0.313139 seconds .

========================================================================
Received Import Request.
  Time since last request: 32.162444 seconds.
  path: Assets/Images/MainMap/island3.png
  artifactKey: Guid(d9d9bb272f3a74fc5999f7aefa652d8b) Importer(815301076,1909f56bfc062723c751e8b465ee728b)
Start importing Assets/Images/MainMap/island3.png using Guid(d9d9bb272f3a74fc5999f7aefa652d8b) Importer(815301076,1909f56bfc062723c751e8b465ee728b)  -> (artifact id: '52a56777b90e0edd42269c591a04c4bf') in 0.032572 seconds
  Import took 0.038829 seconds .

========================================================================
Received Import Request.
  Time since last request: 4.294170 seconds.
  path: Assets/Images/MainMap/island3.png
  artifactKey: Guid(d9d9bb272f3a74fc5999f7aefa652d8b) Importer(815301076,1909f56bfc062723c751e8b465ee728b)
Start importing Assets/Images/MainMap/island3.png using Guid(d9d9bb272f3a74fc5999f7aefa652d8b) Importer(815301076,1909f56bfc062723c751e8b465ee728b)  -> (artifact id: '03a3bc627362d1ec72ae07fbdd9131fe') in 0.027644 seconds
  Import took 0.034051 seconds .

========================================================================
Received Import Request.
  Time since last request: 18.138439 seconds.
  path: Assets/Images/MainMap/island3.png
  artifactKey: Guid(d9d9bb272f3a74fc5999f7aefa652d8b) Importer(815301076,1909f56bfc062723c751e8b465ee728b)
Start importing Assets/Images/MainMap/island3.png using Guid(d9d9bb272f3a74fc5999f7aefa652d8b) Importer(815301076,1909f56bfc062723c751e8b465ee728b)  -> (artifact id: '236fb08522571884f5b45f526f38b41b') in 0.021779 seconds
  Import took 0.026776 seconds .

========================================================================
Received Import Request.
  Time since last request: 0.002348 seconds.
  path: Assets/Images/MainMap/island3.png
  artifactKey: Guid(d9d9bb272f3a74fc5999f7aefa652d8b) Importer(815301076,1909f56bfc062723c751e8b465ee728b)
Start importing Assets/Images/MainMap/island3.png using Guid(d9d9bb272f3a74fc5999f7aefa652d8b) Importer(815301076,1909f56bfc062723c751e8b465ee728b)  -> (artifact id: '236fb08522571884f5b45f526f38b41b') in 0.016989 seconds
  Import took 0.022108 seconds .

========================================================================
Received Prepare
Registering precompiled user dll's ...
Registered in 0.002057 seconds.
Begin MonoManager ReloadAssembly
Native extension for OSXStandalone target not found
Refreshing native plugins compatible for Editor in 0.56 ms, found 2 plugins.
Preloading 0 native plugins for Editor in 0.00 ms.
Invoked RoslynAnalysisRunner static constructor.
RoslynAnalysisRunner will not be running.
RoslynAnalysisRunner has terminated.
Mono: successfully reloaded assembly
- Completed reload, in  1.269 seconds
Platform modules already initialized, skipping
Refreshing native plugins compatible for Editor in 0.78 ms, found 2 plugins.
Preloading 0 native plugins for Editor in 0.00 ms.
Unloading 1806 Unused Serialized files (Serialized files now loaded: 0)
System memory in use before: 152.0 MB.
System memory in use after: 152.1 MB.

Unloading 7 unused Assets to reduce memory usage. Loaded Objects now: 2286.
Total: 2.519752 ms (FindLiveObjects: 0.301011 ms CreateObjectMapping: 0.107160 ms MarkObjects: 2.093832 ms  DeleteObjects: 0.016216 ms)

========================================================================
Received Import Request.
  Time since last request: 213.761512 seconds.
  path: Assets/Images/MainMap/BgMainMap.png
  artifactKey: Guid(3167a7c1bd2f14903856d00ada1ea485) Importer(815301076,1909f56bfc062723c751e8b465ee728b)
Start importing Assets/Images/MainMap/BgMainMap.png using Guid(3167a7c1bd2f14903856d00ada1ea485) Importer(815301076,1909f56bfc062723c751e8b465ee728b)  -> (artifact id: '90671a96ab6713ca423e7d509df725a7') in 0.065264 seconds
  Import took 0.069636 seconds .

========================================================================
Received Import Request.
  Time since last request: 12.742981 seconds.
  path: Assets/Images/MainMap/BgMainMap.png
  artifactKey: Guid(3167a7c1bd2f14903856d00ada1ea485) Importer(815301076,1909f56bfc062723c751e8b465ee728b)
Start importing Assets/Images/MainMap/BgMainMap.png using Guid(3167a7c1bd2f14903856d00ada1ea485) Importer(815301076,1909f56bfc062723c751e8b465ee728b)  -> (artifact id: '28f2a7c707997de7366e7d0be7e5b95f') in 0.020768 seconds
  Import took 0.025416 seconds .

========================================================================
Received Prepare
Registering precompiled user dll's ...
Registered in 0.003241 seconds.
Begin MonoManager ReloadAssembly
Native extension for OSXStandalone target not found
Refreshing native plugins compatible for Editor in 0.70 ms, found 2 plugins.
Preloading 0 native plugins for Editor in 0.00 ms.
Invoked RoslynAnalysisRunner static constructor.
RoslynAnalysisRunner will not be running.
RoslynAnalysisRunner has terminated.
Mono: successfully reloaded assembly
- Completed reload, in  1.464 seconds
Platform modules already initialized, skipping
Refreshing native plugins compatible for Editor in 0.44 ms, found 2 plugins.
Preloading 0 native plugins for Editor in 0.00 ms.
Unloading 1806 Unused Serialized files (Serialized files now loaded: 0)
System memory in use before: 152.3 MB.
System memory in use after: 152.4 MB.

Unloading 7 unused Assets to reduce memory usage. Loaded Objects now: 2291.
Total: 2.092949 ms (FindLiveObjects: 0.217095 ms CreateObjectMapping: 0.085698 ms MarkObjects: 1.770961 ms  DeleteObjects: 0.016806 ms)

========================================================================
Received Prepare
Registering precompiled user dll's ...
Registered in 0.001593 seconds.
Begin MonoManager ReloadAssembly
Native extension for OSXStandalone target not found
Refreshing native plugins compatible for Editor in 0.47 ms, found 2 plugins.
Preloading 0 native plugins for Editor in 0.00 ms.
Invoked RoslynAnalysisRunner static constructor.
RoslynAnalysisRunner will not be running.
RoslynAnalysisRunner has terminated.
Mono: successfully reloaded assembly
- Completed reload, in  1.103 seconds
Platform modules already initialized, skipping
Refreshing native plugins compatible for Editor in 0.48 ms, found 2 plugins.
Preloading 0 native plugins for Editor in 0.00 ms.
Unloading 1806 Unused Serialized files (Serialized files now loaded: 0)
System memory in use before: 152.5 MB.
System memory in use after: 152.6 MB.

Unloading 7 unused Assets to reduce memory usage. Loaded Objects now: 2295.
Total: 2.070035 ms (FindLiveObjects: 0.214316 ms CreateObjectMapping: 0.068015 ms MarkObjects: 1.760242 ms  DeleteObjects: 0.026531 ms)

========================================================================
Received Prepare
Registering precompiled user dll's ...
Registered in 0.001155 seconds.
Begin MonoManager ReloadAssembly
Native extension for OSXStandalone target not found
Refreshing native plugins compatible for Editor in 0.47 ms, found 2 plugins.
Preloading 0 native plugins for Editor in 0.00 ms.
Invoked RoslynAnalysisRunner static constructor.
RoslynAnalysisRunner will not be running.
RoslynAnalysisRunner has terminated.
Mono: successfully reloaded assembly
- Completed reload, in  1.154 seconds
Platform modules already initialized, skipping
Refreshing native plugins compatible for Editor in 0.60 ms, found 2 plugins.
Preloading 0 native plugins for Editor in 0.00 ms.
Unloading 1806 Unused Serialized files (Serialized files now loaded: 0)
System memory in use before: 152.7 MB.
System memory in use after: 152.8 MB.

Unloading 7 unused Assets to reduce memory usage. Loaded Objects now: 2299.
Total: 2.252564 ms (FindLiveObjects: 0.375250 ms CreateObjectMapping: 0.118036 ms MarkObjects: 1.731489 ms  DeleteObjects: 0.026406 ms)

========================================================================
Received Import Request.
  Time since last request: 456.609141 seconds.
  path: Assets/Images/MainMap/Artboard 6-8.png
  artifactKey: Guid(d5297486b1da248989040942533cf801) Importer(815301076,1909f56bfc062723c751e8b465ee728b)
Start importing Assets/Images/MainMap/Artboard 6-8.png using Guid(d5297486b1da248989040942533cf801) Importer(815301076,1909f56bfc062723c751e8b465ee728b)  -> (artifact id: '06af88d5bddf8e31fad9e32e8b61258d') in 0.082116 seconds
  Import took 0.087103 seconds .

========================================================================
Received Import Request.
  Time since last request: 0.004932 seconds.
  path: Assets/Images/MainMap/Artboard 6-8.png
  artifactKey: Guid(d5297486b1da248989040942533cf801) Importer(815301076,1909f56bfc062723c751e8b465ee728b)
Start importing Assets/Images/MainMap/Artboard 6-8.png using Guid(d5297486b1da248989040942533cf801) Importer(815301076,1909f56bfc062723c751e8b465ee728b)  -> (artifact id: '06af88d5bddf8e31fad9e32e8b61258d') in 0.016607 seconds
  Import took 0.022392 seconds .

========================================================================
Received Import Request.
  Time since last request: 3.474445 seconds.
  path: Assets/Images/MainMap/Bg.png
  artifactKey: Guid(d5297486b1da248989040942533cf801) Importer(815301076,1909f56bfc062723c751e8b465ee728b)
Start importing Assets/Images/MainMap/Bg.png using Guid(d5297486b1da248989040942533cf801) Importer(815301076,1909f56bfc062723c751e8b465ee728b)  -> (artifact id: '08b9d51bdf883ac046a678731bad3e0a') in 0.028209 seconds
  Import took 0.033534 seconds .

========================================================================
Received Import Request.
  Time since last request: 9.223466 seconds.
  path: Assets/Images/MainMap/Bg.png
  artifactKey: Guid(d5297486b1da248989040942533cf801) Importer(815301076,1909f56bfc062723c751e8b465ee728b)
Start importing Assets/Images/MainMap/Bg.png using Guid(d5297486b1da248989040942533cf801) Importer(815301076,1909f56bfc062723c751e8b465ee728b)  -> (artifact id: '1b608155e5e0c881752edf9a8ce41e16') in 0.021879 seconds
  Import took 0.027489 seconds .

========================================================================
Received Import Request.
  Time since last request: 210.872382 seconds.
  path: Assets/Animations
  artifactKey: Guid(23fee33782b9145a48801e503a7535c3) Importer(815301076,1909f56bfc062723c751e8b465ee728b)
Start importing Assets/Animations using Guid(23fee33782b9145a48801e503a7535c3) Importer(815301076,1909f56bfc062723c751e8b465ee728b)  -> (artifact id: '8226513f1608dd7e6653d53ad2c41fae') in 0.004756 seconds
  Import took 0.022984 seconds .

========================================================================
Received Import Request.
  Time since last request: 1.665992 seconds.
  path: Assets/Animations/2.controller
  artifactKey: Guid(802a50524ff1b43a0b14ea8bf8da945a) Importer(815301076,1909f56bfc062723c751e8b465ee728b)
Start importing Assets/Animations/2.controller using Guid(802a50524ff1b43a0b14ea8bf8da945a) Importer(815301076,1909f56bfc062723c751e8b465ee728b)  -> (artifact id: '83d5efd162c223fcfcb22783da34000a') in 1.170801 seconds
  Import took 1.176097 seconds .

========================================================================
Received Import Request.
  Time since last request: 32.014742 seconds.
  path: Assets/Animations/IslandAnimation.anim
  artifactKey: Guid(4cceb488084a047338475d93e3252227) Importer(815301076,1909f56bfc062723c751e8b465ee728b)
Start importing Assets/Animations/IslandAnimation.anim using Guid(4cceb488084a047338475d93e3252227) Importer(815301076,1909f56bfc062723c751e8b465ee728b)  -> (artifact id: '184a046dfaaf8d74c5b6e4d754d2265f') in 0.442644 seconds
  Import took 0.446685 seconds .

========================================================================
Received Prepare
Registering precompiled user dll's ...
Registered in 0.002025 seconds.
Begin MonoManager ReloadAssembly
Native extension for OSXStandalone target not found
Refreshing native plugins compatible for Editor in 0.49 ms, found 2 plugins.
Preloading 0 native plugins for Editor in 0.00 ms.
Invoked RoslynAnalysisRunner static constructor.
RoslynAnalysisRunner will not be running.
RoslynAnalysisRunner has terminated.
Mono: successfully reloaded assembly
- Completed reload, in  1.185 seconds
Platform modules already initialized, skipping
Refreshing native plugins compatible for Editor in 0.54 ms, found 2 plugins.
Preloading 0 native plugins for Editor in 0.00 ms.
Unloading 1806 Unused Serialized files (Serialized files now loaded: 0)
System memory in use before: 165.1 MB.
System memory in use after: 165.2 MB.

Unloading 7 unused Assets to reduce memory usage. Loaded Objects now: 2304.
Total: 3.337490 ms (FindLiveObjects: 0.275944 ms CreateObjectMapping: 0.077074 ms MarkObjects: 2.956632 ms  DeleteObjects: 0.026574 ms)

========================================================================
Received Prepare
Registering precompiled user dll's ...
Registered in 0.001568 seconds.
Begin MonoManager ReloadAssembly
Native extension for OSXStandalone target not found
Refreshing native plugins compatible for Editor in 0.45 ms, found 2 plugins.
Preloading 0 native plugins for Editor in 0.00 ms.
Invoked RoslynAnalysisRunner static constructor.
RoslynAnalysisRunner will not be running.
RoslynAnalysisRunner has terminated.
Mono: successfully reloaded assembly
- Completed reload, in  1.068 seconds
Platform modules already initialized, skipping
Refreshing native plugins compatible for Editor in 0.44 ms, found 2 plugins.
Preloading 0 native plugins for Editor in 0.00 ms.
Unloading 1806 Unused Serialized files (Serialized files now loaded: 0)
System memory in use before: 165.4 MB.
System memory in use after: 165.5 MB.

Unloading 7 unused Assets to reduce memory usage. Loaded Objects now: 2308.
Total: 2.067674 ms (FindLiveObjects: 0.206325 ms CreateObjectMapping: 0.074669 ms MarkObjects: 1.761155 ms  DeleteObjects: 0.017420 ms)

========================================================================
Received Prepare
Registering precompiled user dll's ...
Registered in 0.000649 seconds.
Begin MonoManager ReloadAssembly
Native extension for OSXStandalone target not found
Refreshing native plugins compatible for Editor in 0.50 ms, found 2 plugins.
Preloading 0 native plugins for Editor in 0.00 ms.
Invoked RoslynAnalysisRunner static constructor.
RoslynAnalysisRunner will not be running.
RoslynAnalysisRunner has terminated.
Mono: successfully reloaded assembly
- Completed reload, in  1.046 seconds
Platform modules already initialized, skipping
Refreshing native plugins compatible for Editor in 0.38 ms, found 2 plugins.
Preloading 0 native plugins for Editor in 0.00 ms.
Unloading 1806 Unused Serialized files (Serialized files now loaded: 0)
System memory in use before: 165.6 MB.
System memory in use after: 165.7 MB.

Unloading 7 unused Assets to reduce memory usage. Loaded Objects now: 2312.
Total: 2.249448 ms (FindLiveObjects: 0.354843 ms CreateObjectMapping: 0.122855 ms MarkObjects: 1.754865 ms  DeleteObjects: 0.016056 ms)

========================================================================
Received Prepare
Registering precompiled user dll's ...
Registered in 0.000785 seconds.
Begin MonoManager ReloadAssembly
Native extension for OSXStandalone target not found
Refreshing native plugins compatible for Editor in 0.48 ms, found 2 plugins.
Preloading 0 native plugins for Editor in 0.00 ms.
Invoked RoslynAnalysisRunner static constructor.
RoslynAnalysisRunner will not be running.
RoslynAnalysisRunner has terminated.
Mono: successfully reloaded assembly
- Completed reload, in  1.050 seconds
Platform modules already initialized, skipping
Refreshing native plugins compatible for Editor in 0.39 ms, found 2 plugins.
Preloading 0 native plugins for Editor in 0.00 ms.
Unloading 1806 Unused Serialized files (Serialized files now loaded: 0)
System memory in use before: 165.8 MB.
System memory in use after: 165.9 MB.

Unloading 7 unused Assets to reduce memory usage. Loaded Objects now: 2316.
Total: 2.459139 ms (FindLiveObjects: 0.346795 ms CreateObjectMapping: 0.113574 ms MarkObjects: 1.979801 ms  DeleteObjects: 0.017455 ms)

========================================================================
Received Prepare
Registering precompiled user dll's ...
Registered in 0.001864 seconds.
Begin MonoManager ReloadAssembly
Native extension for OSXStandalone target not found
Refreshing native plugins compatible for Editor in 0.60 ms, found 2 plugins.
Preloading 0 native plugins for Editor in 0.00 ms.
Invoked RoslynAnalysisRunner static constructor.
RoslynAnalysisRunner will not be running.
RoslynAnalysisRunner has terminated.
Mono: successfully reloaded assembly
- Completed reload, in  1.466 seconds
Platform modules already initialized, skipping
Refreshing native plugins compatible for Editor in 0.76 ms, found 2 plugins.
Preloading 0 native plugins for Editor in 0.00 ms.
Unloading 1806 Unused Serialized files (Serialized files now loaded: 0)
System memory in use before: 166.0 MB.
System memory in use after: 166.1 MB.

Unloading 7 unused Assets to reduce memory usage. Loaded Objects now: 2320.
Total: 2.921654 ms (FindLiveObjects: 0.340746 ms CreateObjectMapping: 0.110577 ms MarkObjects: 2.453309 ms  DeleteObjects: 0.015395 ms)

========================================================================
Received Prepare
Registering precompiled user dll's ...
Registered in 0.001591 seconds.
Begin MonoManager ReloadAssembly
Native extension for OSXStandalone target not found
Refreshing native plugins compatible for Editor in 0.48 ms, found 2 plugins.
Preloading 0 native plugins for Editor in 0.00 ms.
Invoked RoslynAnalysisRunner static constructor.
RoslynAnalysisRunner will not be running.
RoslynAnalysisRunner has terminated.
Mono: successfully reloaded assembly
- Completed reload, in  1.309 seconds
Platform modules already initialized, skipping
Refreshing native plugins compatible for Editor in 0.45 ms, found 2 plugins.
Preloading 0 native plugins for Editor in 0.00 ms.
Unloading 1806 Unused Serialized files (Serialized files now loaded: 0)
System memory in use before: 166.2 MB.
System memory in use after: 166.2 MB.

Unloading 7 unused Assets to reduce memory usage. Loaded Objects now: 2324.
Total: 2.315032 ms (FindLiveObjects: 0.324289 ms CreateObjectMapping: 0.104658 ms MarkObjects: 1.865436 ms  DeleteObjects: 0.019104 ms)

========================================================================
Received Import Request.
  Time since last request: 645.586570 seconds.
  path: Assets/Images/MainMap/IslandHalloween.png
  artifactKey: Guid(ef19ece63699b4af0bc2d560e7522a9e) Importer(815301076,1909f56bfc062723c751e8b465ee728b)
Start importing Assets/Images/MainMap/IslandHalloween.png using Guid(ef19ece63699b4af0bc2d560e7522a9e) Importer(815301076,1909f56bfc062723c751e8b465ee728b)  -> (artifact id: '09fe8cc8eb5a61186cf8d576deabe4b9') in 0.100653 seconds
  Import took 0.104898 seconds .

========================================================================
Received Import Request.
  Time since last request: 3.495419 seconds.
  path: Assets/Images/MainMap/Island1.png
  artifactKey: Guid(ef19ece63699b4af0bc2d560e7522a9e) Importer(815301076,1909f56bfc062723c751e8b465ee728b)
Start importing Assets/Images/MainMap/Island1.png using Guid(ef19ece63699b4af0bc2d560e7522a9e) Importer(815301076,1909f56bfc062723c751e8b465ee728b)  -> (artifact id: 'b91c65561b2fcbed772c29592e3c2dd5') in 0.020272 seconds
  Import took 0.026349 seconds .

========================================================================
Received Import Request.
  Time since last request: 17.930336 seconds.
  path: Assets/Images/MainMap/Island1.png
  artifactKey: Guid(ef19ece63699b4af0bc2d560e7522a9e) Importer(815301076,1909f56bfc062723c751e8b465ee728b)
Start importing Assets/Images/MainMap/Island1.png using Guid(ef19ece63699b4af0bc2d560e7522a9e) Importer(815301076,1909f56bfc062723c751e8b465ee728b)  -> (artifact id: 'b3c357b24e899b6c61ef88e87e212eb9') in 0.018211 seconds
  Import took 0.023442 seconds .

========================================================================
Received Import Request.
  Time since last request: 9.595253 seconds.
  path: Assets/Images/MainMap/Island1.png
  artifactKey: Guid(ef19ece63699b4af0bc2d560e7522a9e) Importer(815301076,1909f56bfc062723c751e8b465ee728b)
Start importing Assets/Images/MainMap/Island1.png using Guid(ef19ece63699b4af0bc2d560e7522a9e) Importer(815301076,1909f56bfc062723c751e8b465ee728b)  -> (artifact id: '8b9e6bca292ced20730e259642c08166') in 0.029105 seconds
  Import took 0.033023 seconds .

========================================================================
Received Import Request.
  Time since last request: 6.667327 seconds.
  path: Assets/Images/MainMap/Island1.png
  artifactKey: Guid(ef19ece63699b4af0bc2d560e7522a9e) Importer(815301076,1909f56bfc062723c751e8b465ee728b)
Start importing Assets/Images/MainMap/Island1.png using Guid(ef19ece63699b4af0bc2d560e7522a9e) Importer(815301076,1909f56bfc062723c751e8b465ee728b)  -> (artifact id: 'fd9db36ba09d0e575a1991356de608e3') in 0.023098 seconds
  Import took 0.028797 seconds .

========================================================================
Received Import Request.
  Time since last request: 5.998604 seconds.
  path: Assets/Images/MainMap/Island1.png
  artifactKey: Guid(ef19ece63699b4af0bc2d560e7522a9e) Importer(815301076,1909f56bfc062723c751e8b465ee728b)
Start importing Assets/Images/MainMap/Island1.png using Guid(ef19ece63699b4af0bc2d560e7522a9e) Importer(815301076,1909f56bfc062723c751e8b465ee728b)  -> (artifact id: 'a35fc39370f0457f7e5453e281880e73') in 0.017522 seconds
  Import took 0.022923 seconds .

========================================================================
Received Import Request.
  Time since last request: 5.956289 seconds.
  path: Assets/Images/MainMap/Island1.png
  artifactKey: Guid(ef19ece63699b4af0bc2d560e7522a9e) Importer(815301076,1909f56bfc062723c751e8b465ee728b)
Start importing Assets/Images/MainMap/Island1.png using Guid(ef19ece63699b4af0bc2d560e7522a9e) Importer(815301076,1909f56bfc062723c751e8b465ee728b)  -> (artifact id: '7ddc4202077d512645272c52fb784371') in 0.016493 seconds
  Import took 0.020380 seconds .

========================================================================
Received Import Request.
  Time since last request: 64.024231 seconds.
  path: Assets/Animations/2.controller
  artifactKey: Guid(802a50524ff1b43a0b14ea8bf8da945a) Importer(815301076,1909f56bfc062723c751e8b465ee728b)
Start importing Assets/Animations/2.controller using Guid(802a50524ff1b43a0b14ea8bf8da945a) Importer(815301076,1909f56bfc062723c751e8b465ee728b)  -> (artifact id: '775291ad5fc926926d190fd109034397') in 0.016106 seconds
  Import took 0.022092 seconds .

========================================================================
Received Prepare
Registering precompiled user dll's ...
Registered in 0.002397 seconds.
Begin MonoManager ReloadAssembly
Native extension for OSXStandalone target not found
Refreshing native plugins compatible for Editor in 0.48 ms, found 2 plugins.
Preloading 0 native plugins for Editor in 0.00 ms.
Invoked RoslynAnalysisRunner static constructor.
RoslynAnalysisRunner will not be running.
RoslynAnalysisRunner has terminated.
Mono: successfully reloaded assembly
- Completed reload, in  1.085 seconds
Platform modules already initialized, skipping
Refreshing native plugins compatible for Editor in 0.42 ms, found 2 plugins.
Preloading 0 native plugins for Editor in 0.00 ms.
Unloading 1806 Unused Serialized files (Serialized files now loaded: 0)
System memory in use before: 166.5 MB.
System memory in use after: 166.6 MB.

Unloading 7 unused Assets to reduce memory usage. Loaded Objects now: 2329.
Total: 2.263704 ms (FindLiveObjects: 0.324110 ms CreateObjectMapping: 0.184087 ms MarkObjects: 1.738275 ms  DeleteObjects: 0.016303 ms)

========================================================================
Received Prepare
Registering precompiled user dll's ...
Registered in 0.001619 seconds.
Begin MonoManager ReloadAssembly
Native extension for OSXStandalone target not found
Refreshing native plugins compatible for Editor in 0.42 ms, found 2 plugins.
Preloading 0 native plugins for Editor in 0.00 ms.
Invoked RoslynAnalysisRunner static constructor.
RoslynAnalysisRunner will not be running.
RoslynAnalysisRunner has terminated.
Mono: successfully reloaded assembly
- Completed reload, in  1.060 seconds
Platform modules already initialized, skipping
Refreshing native plugins compatible for Editor in 0.43 ms, found 2 plugins.
Preloading 0 native plugins for Editor in 0.00 ms.
Unloading 1806 Unused Serialized files (Serialized files now loaded: 0)
System memory in use before: 166.7 MB.
System memory in use after: 166.8 MB.

Unloading 7 unused Assets to reduce memory usage. Loaded Objects now: 2333.
Total: 2.140910 ms (FindLiveObjects: 0.219226 ms CreateObjectMapping: 0.068767 ms MarkObjects: 1.831669 ms  DeleteObjects: 0.020055 ms)

========================================================================
Received Prepare
Registering precompiled user dll's ...
Registered in 0.014113 seconds.
Begin MonoManager ReloadAssembly
Native extension for OSXStandalone target not found
Refreshing native plugins compatible for Editor in 0.48 ms, found 2 plugins.
Preloading 0 native plugins for Editor in 0.00 ms.
Invoked RoslynAnalysisRunner static constructor.
RoslynAnalysisRunner will not be running.
RoslynAnalysisRunner has terminated.
Mono: successfully reloaded assembly
- Completed reload, in  1.501 seconds
Platform modules already initialized, skipping
Refreshing native plugins compatible for Editor in 0.46 ms, found 2 plugins.
Preloading 0 native plugins for Editor in 0.00 ms.
Unloading 1806 Unused Serialized files (Serialized files now loaded: 0)
System memory in use before: 166.9 MB.
System memory in use after: 167.0 MB.

Unloading 7 unused Assets to reduce memory usage. Loaded Objects now: 2337.
Total: 2.880724 ms (FindLiveObjects: 0.342473 ms CreateObjectMapping: 0.094860 ms MarkObjects: 2.422813 ms  DeleteObjects: 0.018874 ms)

========================================================================
Received Import Request.
  Time since last request: 106.959577 seconds.
  path: Assets/Animations/IslandAnimation.anim
  artifactKey: Guid(4cceb488084a047338475d93e3252227) Importer(815301076,1909f56bfc062723c751e8b465ee728b)
Start importing Assets/Animations/IslandAnimation.anim using Guid(4cceb488084a047338475d93e3252227) Importer(815301076,1909f56bfc062723c751e8b465ee728b)  -> (artifact id: '652e5f7353024192c445ffd479b66a09') in 0.022274 seconds
  Import took 0.027425 seconds .

========================================================================
Received Import Request.
  Time since last request: 0.796932 seconds.
  path: Assets/Animations/Island1Active.anim
  artifactKey: Guid(a1212028e4304457281999bb7ea9932d) Importer(815301076,1909f56bfc062723c751e8b465ee728b)
Start importing Assets/Animations/Island1Active.anim using Guid(a1212028e4304457281999bb7ea9932d) Importer(815301076,1909f56bfc062723c751e8b465ee728b)  -> (artifact id: 'cb3898038913a30a8c48dabbdba177e5') in 0.005547 seconds
  Import took 0.009786 seconds .

========================================================================
Received Import Request.
  Time since last request: 5.875220 seconds.
  path: Assets/Animations/Island2Active.anim
  artifactKey: Guid(4cceb488084a047338475d93e3252227) Importer(815301076,1909f56bfc062723c751e8b465ee728b)
Start importing Assets/Animations/Island2Active.anim using Guid(4cceb488084a047338475d93e3252227) Importer(815301076,1909f56bfc062723c751e8b465ee728b)  -> (artifact id: '2ffc024fc80c1e875389a5b253455c14') in 0.003199 seconds
  Import took 0.009582 seconds .

========================================================================
Received Import Request.
  Time since last request: 84.300260 seconds.
  path: Assets/Animations/1.controller
  artifactKey: Guid(2015a3001f4ae4c5ca62963b910c19a0) Importer(815301076,1909f56bfc062723c751e8b465ee728b)
Start importing Assets/Animations/1.controller using Guid(2015a3001f4ae4c5ca62963b910c19a0) Importer(815301076,1909f56bfc062723c751e8b465ee728b)  -> (artifact id: 'd15daa88b65407eeb1afc605c91f9c1b') in 0.012680 seconds
  Import took 0.017802 seconds .

========================================================================
Received Prepare
Registering precompiled user dll's ...
Registered in 0.003188 seconds.
Begin MonoManager ReloadAssembly
Native extension for OSXStandalone target not found
Refreshing native plugins compatible for Editor in 0.46 ms, found 2 plugins.
Preloading 0 native plugins for Editor in 0.00 ms.
Invoked RoslynAnalysisRunner static constructor.
RoslynAnalysisRunner will not be running.
RoslynAnalysisRunner has terminated.
Mono: successfully reloaded assembly
- Completed reload, in  1.088 seconds
Platform modules already initialized, skipping
Refreshing native plugins compatible for Editor in 0.44 ms, found 2 plugins.
Preloading 0 native plugins for Editor in 0.00 ms.
Unloading 1806 Unused Serialized files (Serialized files now loaded: 0)
System memory in use before: 167.2 MB.
System memory in use after: 167.3 MB.

Unloading 7 unused Assets to reduce memory usage. Loaded Objects now: 2341.
Total: 2.044670 ms (FindLiveObjects: 0.221604 ms CreateObjectMapping: 0.068688 ms MarkObjects: 1.736071 ms  DeleteObjects: 0.016999 ms)

========================================================================
Received Prepare
Registering precompiled user dll's ...
Registered in 0.012825 seconds.
Begin MonoManager ReloadAssembly
Native extension for OSXStandalone target not found
Refreshing native plugins compatible for Editor in 0.47 ms, found 2 plugins.
Preloading 0 native plugins for Editor in 0.00 ms.
Invoked RoslynAnalysisRunner static constructor.
RoslynAnalysisRunner will not be running.
RoslynAnalysisRunner has terminated.
Mono: successfully reloaded assembly
- Completed reload, in  1.357 seconds
Platform modules already initialized, skipping
Refreshing native plugins compatible for Editor in 0.40 ms, found 2 plugins.
Preloading 0 native plugins for Editor in 0.00 ms.
Unloading 1806 Unused Serialized files (Serialized files now loaded: 0)
System memory in use before: 167.4 MB.
System memory in use after: 167.5 MB.

Unloading 7 unused Assets to reduce memory usage. Loaded Objects now: 2345.
Total: 2.275065 ms (FindLiveObjects: 0.277573 ms CreateObjectMapping: 0.092244 ms MarkObjects: 1.885431 ms  DeleteObjects: 0.018147 ms)

========================================================================
Received Prepare
Registering precompiled user dll's ...
Registered in 0.001565 seconds.
Begin MonoManager ReloadAssembly
Native extension for OSXStandalone target not found
Refreshing native plugins compatible for Editor in 0.50 ms, found 2 plugins.
Preloading 0 native plugins for Editor in 0.00 ms.
Invoked RoslynAnalysisRunner static constructor.
RoslynAnalysisRunner will not be running.
RoslynAnalysisRunner has terminated.
Mono: successfully reloaded assembly
- Completed reload, in  1.100 seconds
Platform modules already initialized, skipping
Refreshing native plugins compatible for Editor in 0.48 ms, found 2 plugins.
Preloading 0 native plugins for Editor in 0.00 ms.
Unloading 1806 Unused Serialized files (Serialized files now loaded: 0)
System memory in use before: 167.6 MB.
System memory in use after: 167.7 MB.

Unloading 7 unused Assets to reduce memory usage. Loaded Objects now: 2349.
Total: 2.852281 ms (FindLiveObjects: 0.230616 ms CreateObjectMapping: 0.085243 ms MarkObjects: 2.511234 ms  DeleteObjects: 0.017856 ms)

========================================================================
Received Prepare
Registering precompiled user dll's ...
Registered in 0.002191 seconds.
Begin MonoManager ReloadAssembly
Native extension for OSXStandalone target not found
Refreshing native plugins compatible for Editor in 0.48 ms, found 2 plugins.
Preloading 0 native plugins for Editor in 0.00 ms.
Invoked RoslynAnalysisRunner static constructor.
RoslynAnalysisRunner will not be running.
RoslynAnalysisRunner has terminated.
Mono: successfully reloaded assembly
- Completed reload, in  1.078 seconds
Platform modules already initialized, skipping
Refreshing native plugins compatible for Editor in 0.43 ms, found 2 plugins.
Preloading 0 native plugins for Editor in 0.00 ms.
Unloading 1806 Unused Serialized files (Serialized files now loaded: 0)
System memory in use before: 167.8 MB.
System memory in use after: 167.9 MB.

Unloading 7 unused Assets to reduce memory usage. Loaded Objects now: 2353.
Total: 2.439004 ms (FindLiveObjects: 0.256043 ms CreateObjectMapping: 0.076836 ms MarkObjects: 2.088294 ms  DeleteObjects: 0.016753 ms)

========================================================================
Received Prepare
Registering precompiled user dll's ...
Registered in 0.003084 seconds.
Begin MonoManager ReloadAssembly
Native extension for OSXStandalone target not found
Refreshing native plugins compatible for Editor in 0.47 ms, found 2 plugins.
Preloading 0 native plugins for Editor in 0.00 ms.
Invoked RoslynAnalysisRunner static constructor.
RoslynAnalysisRunner will not be running.
RoslynAnalysisRunner has terminated.
Mono: successfully reloaded assembly
- Completed reload, in  1.552 seconds
Platform modules already initialized, skipping
Refreshing native plugins compatible for Editor in 0.46 ms, found 2 plugins.
Preloading 0 native plugins for Editor in 0.00 ms.
Unloading 1806 Unused Serialized files (Serialized files now loaded: 0)
System memory in use before: 167.9 MB.
System memory in use after: 168.0 MB.

Unloading 7 unused Assets to reduce memory usage. Loaded Objects now: 2357.
Total: 2.819659 ms (FindLiveObjects: 0.327588 ms CreateObjectMapping: 0.103345 ms MarkObjects: 2.369141 ms  DeleteObjects: 0.017801 ms)

========================================================================
Received Prepare
Registering precompiled user dll's ...
Registered in 0.000671 seconds.
Begin MonoManager ReloadAssembly
Native extension for OSXStandalone target not found
Refreshing native plugins compatible for Editor in 0.49 ms, found 2 plugins.
Preloading 0 native plugins for Editor in 0.00 ms.
Invoked RoslynAnalysisRunner static constructor.
RoslynAnalysisRunner will not be running.
RoslynAnalysisRunner has terminated.
Mono: successfully reloaded assembly
- Completed reload, in  1.115 seconds
Platform modules already initialized, skipping
Refreshing native plugins compatible for Editor in 0.55 ms, found 2 plugins.
Preloading 0 native plugins for Editor in 0.00 ms.
Unloading 1806 Unused Serialized files (Serialized files now loaded: 0)
System memory in use before: 168.2 MB.
System memory in use after: 168.3 MB.

Unloading 7 unused Assets to reduce memory usage. Loaded Objects now: 2361.
Total: 2.243151 ms (FindLiveObjects: 0.258981 ms CreateObjectMapping: 0.090319 ms MarkObjects: 1.873434 ms  DeleteObjects: 0.018752 ms)

========================================================================
Received Import Request.
  Time since last request: 462.075639 seconds.
  path: Assets/Images/MainMap/island3.png
  artifactKey: Guid(d9d9bb272f3a74fc5999f7aefa652d8b) Importer(815301076,1909f56bfc062723c751e8b465ee728b)
Start importing Assets/Images/MainMap/island3.png using Guid(d9d9bb272f3a74fc5999f7aefa652d8b) Importer(815301076,1909f56bfc062723c751e8b465ee728b)  -> (artifact id: 'b20ed350460567f4f928707b0782e7fe') in 0.078877 seconds
  Import took 0.085062 seconds .

========================================================================
Received Prepare
Registering precompiled user dll's ...
Registered in 0.000805 seconds.
Begin MonoManager ReloadAssembly
Native extension for OSXStandalone target not found
Refreshing native plugins compatible for Editor in 0.50 ms, found 2 plugins.
Preloading 0 native plugins for Editor in 0.00 ms.
Invoked RoslynAnalysisRunner static constructor.
RoslynAnalysisRunner will not be running.
RoslynAnalysisRunner has terminated.
Mono: successfully reloaded assembly
- Completed reload, in  1.057 seconds
Platform modules already initialized, skipping
Refreshing native plugins compatible for Editor in 0.36 ms, found 2 plugins.
Preloading 0 native plugins for Editor in 0.00 ms.
Unloading 1806 Unused Serialized files (Serialized files now loaded: 0)
System memory in use before: 168.4 MB.
System memory in use after: 168.5 MB.

Unloading 7 unused Assets to reduce memory usage. Loaded Objects now: 2366.
Total: 2.122188 ms (FindLiveObjects: 0.199229 ms CreateObjectMapping: 0.066217 ms MarkObjects: 1.832916 ms  DeleteObjects: 0.022813 ms)

========================================================================
Received Prepare
Registering precompiled user dll's ...
Registered in 0.001528 seconds.
Begin MonoManager ReloadAssembly
Native extension for OSXStandalone target not found
Refreshing native plugins compatible for Editor in 0.51 ms, found 2 plugins.
Preloading 0 native plugins for Editor in 0.00 ms.
Invoked RoslynAnalysisRunner static constructor.
RoslynAnalysisRunner will not be running.
RoslynAnalysisRunner has terminated.
Mono: successfully reloaded assembly
- Completed reload, in  1.069 seconds
Platform modules already initialized, skipping
Refreshing native plugins compatible for Editor in 0.36 ms, found 2 plugins.
Preloading 0 native plugins for Editor in 0.00 ms.
Unloading 1806 Unused Serialized files (Serialized files now loaded: 0)
System memory in use before: 168.6 MB.
System memory in use after: 168.7 MB.

Unloading 7 unused Assets to reduce memory usage. Loaded Objects now: 2370.
Total: 2.072287 ms (FindLiveObjects: 0.225963 ms CreateObjectMapping: 0.068877 ms MarkObjects: 1.758599 ms  DeleteObjects: 0.017716 ms)

========================================================================
Received Prepare
Registering precompiled user dll's ...
Registered in 0.001237 seconds.
Begin MonoManager ReloadAssembly
Native extension for OSXStandalone target not found
Refreshing native plugins compatible for Editor in 0.46 ms, found 2 plugins.
Preloading 0 native plugins for Editor in 0.00 ms.
Invoked RoslynAnalysisRunner static constructor.
RoslynAnalysisRunner will not be running.
RoslynAnalysisRunner has terminated.
Mono: successfully reloaded assembly
- Completed reload, in  1.078 seconds
Platform modules already initialized, skipping
Refreshing native plugins compatible for Editor in 0.44 ms, found 2 plugins.
Preloading 0 native plugins for Editor in 0.00 ms.
Unloading 1806 Unused Serialized files (Serialized files now loaded: 0)
System memory in use before: 168.8 MB.
System memory in use after: 168.9 MB.

Unloading 7 unused Assets to reduce memory usage. Loaded Objects now: 2374.
Total: 2.234269 ms (FindLiveObjects: 0.223883 ms CreateObjectMapping: 0.063239 ms MarkObjects: 1.927035 ms  DeleteObjects: 0.019109 ms)

========================================================================
Received Prepare
Registering precompiled user dll's ...
Registered in 0.001999 seconds.
Begin MonoManager ReloadAssembly
Native extension for OSXStandalone target not found
Refreshing native plugins compatible for Editor in 0.69 ms, found 2 plugins.
Preloading 0 native plugins for Editor in 0.00 ms.
Invoked RoslynAnalysisRunner static constructor.
RoslynAnalysisRunner will not be running.
RoslynAnalysisRunner has terminated.
Mono: successfully reloaded assembly
- Completed reload, in  1.086 seconds
Platform modules already initialized, skipping
Refreshing native plugins compatible for Editor in 0.48 ms, found 2 plugins.
Preloading 0 native plugins for Editor in 0.00 ms.
Unloading 1806 Unused Serialized files (Serialized files now loaded: 0)
System memory in use before: 169.0 MB.
System memory in use after: 169.1 MB.

Unloading 7 unused Assets to reduce memory usage. Loaded Objects now: 2378.
Total: 2.913247 ms (FindLiveObjects: 0.230737 ms CreateObjectMapping: 0.068132 ms MarkObjects: 2.596478 ms  DeleteObjects: 0.016628 ms)

========================================================================
Received Prepare
Registering precompiled user dll's ...
Registered in 0.002501 seconds.
Begin MonoManager ReloadAssembly
Native extension for OSXStandalone target not found
Refreshing native plugins compatible for Editor in 0.48 ms, found 2 plugins.
Preloading 0 native plugins for Editor in 0.00 ms.
Invoked RoslynAnalysisRunner static constructor.
RoslynAnalysisRunner will not be running.
RoslynAnalysisRunner has terminated.
Mono: successfully reloaded assembly
- Completed reload, in  1.129 seconds
Platform modules already initialized, skipping
Refreshing native plugins compatible for Editor in 0.43 ms, found 2 plugins.
Preloading 0 native plugins for Editor in 0.00 ms.
Unloading 1806 Unused Serialized files (Serialized files now loaded: 0)
System memory in use before: 169.2 MB.
System memory in use after: 169.3 MB.

Unloading 7 unused Assets to reduce memory usage. Loaded Objects now: 2382.
Total: 3.353703 ms (FindLiveObjects: 0.261882 ms CreateObjectMapping: 0.102047 ms MarkObjects: 2.967940 ms  DeleteObjects: 0.020241 ms)

========================================================================
Received Import Request.
  Time since last request: 203.527487 seconds.
  path: Assets/Images/MainMap/Island3Active.anim
  artifactKey: Guid(30a7a13f5d9624733bfb617126beb9c0) Importer(815301076,1909f56bfc062723c751e8b465ee728b)
Start importing Assets/Images/MainMap/Island3Active.anim using Guid(30a7a13f5d9624733bfb617126beb9c0) Importer(815301076,1909f56bfc062723c751e8b465ee728b)  -> (artifact id: 'ce4f238ad944a76319a205b0224a2d3c') in 0.021450 seconds
  Import took 0.026429 seconds .

========================================================================
Received Import Request.
  Time since last request: 14.218467 seconds.
  path: Assets/Animations/3.controller
  artifactKey: Guid(697957a19399240b1b069eafbbc7d4b8) Importer(815301076,1909f56bfc062723c751e8b465ee728b)
Start importing Assets/Animations/3.controller using Guid(697957a19399240b1b069eafbbc7d4b8) Importer(815301076,1909f56bfc062723c751e8b465ee728b)  -> (artifact id: '01c3c6e1ab79b91defdc56f50222f59d') in 0.010701 seconds
  Import took 0.017397 seconds .

========================================================================
Received Prepare
Registering precompiled user dll's ...
Registered in 0.001680 seconds.
Begin MonoManager ReloadAssembly
Native extension for OSXStandalone target not found
Refreshing native plugins compatible for Editor in 0.47 ms, found 2 plugins.
Preloading 0 native plugins for Editor in 0.00 ms.
Invoked RoslynAnalysisRunner static constructor.
RoslynAnalysisRunner will not be running.
RoslynAnalysisRunner has terminated.
Mono: successfully reloaded assembly
- Completed reload, in  1.381 seconds
Platform modules already initialized, skipping
Refreshing native plugins compatible for Editor in 0.60 ms, found 2 plugins.
Preloading 0 native plugins for Editor in 0.00 ms.
Unloading 1806 Unused Serialized files (Serialized files now loaded: 0)
System memory in use before: 169.5 MB.
System memory in use after: 169.6 MB.

Unloading 7 unused Assets to reduce memory usage. Loaded Objects now: 2386.
Total: 2.291004 ms (FindLiveObjects: 0.348919 ms CreateObjectMapping: 0.089805 ms MarkObjects: 1.834041 ms  DeleteObjects: 0.017236 ms)

========================================================================
Received Import Request.
  Time since last request: 381.194092 seconds.
  path: Assets/Scenes/3play1.unity
  artifactKey: Guid(c86791b4b9f5394418ba3e8454787a66) Importer(815301076,1909f56bfc062723c751e8b465ee728b)
Start importing Assets/Scenes/3play1.unity using Guid(c86791b4b9f5394418ba3e8454787a66) Importer(815301076,1909f56bfc062723c751e8b465ee728b)  -> (artifact id: '9aac539feb70f16d4cbb366c3a225952') in 0.024109 seconds
  Import took 0.032371 seconds .

========================================================================
Received Import Request.
  Time since last request: 0.001119 seconds.
  path: Assets/Scenes/3play3.unity
  artifactKey: Guid(b07283fa130d0334587f554840e214f6) Importer(815301076,1909f56bfc062723c751e8b465ee728b)
Start importing Assets/Scenes/3play3.unity using Guid(b07283fa130d0334587f554840e214f6) Importer(815301076,1909f56bfc062723c751e8b465ee728b)  -> (artifact id: '279c0a2e284e304d9e5e264fa6923248') in 0.001874 seconds
  Import took 0.006503 seconds .

========================================================================
Received Import Request.
  Time since last request: 20.317813 seconds.
  path: Assets/Scenes/mainmap.unity
  artifactKey: Guid(605d915d7c0efbe409318118dedd12fb) Importer(815301076,1909f56bfc062723c751e8b465ee728b)
Start importing Assets/Scenes/mainmap.unity using Guid(605d915d7c0efbe409318118dedd12fb) Importer(815301076,1909f56bfc062723c751e8b465ee728b)  -> (artifact id: 'bb8e1d7996876e63b8792477d644864b') in 0.002018 seconds
  Import took 0.007548 seconds .

========================================================================
Received Prepare
Registering precompiled user dll's ...
Registered in 0.004694 seconds.
Begin MonoManager ReloadAssembly
Native extension for OSXStandalone target not found
Refreshing native plugins compatible for Editor in 0.48 ms, found 2 plugins.
Preloading 0 native plugins for Editor in 0.00 ms.
Invoked RoslynAnalysisRunner static constructor.
RoslynAnalysisRunner will not be running.
RoslynAnalysisRunner has terminated.
Mono: successfully reloaded assembly
- Completed reload, in  1.651 seconds
Platform modules already initialized, skipping
Refreshing native plugins compatible for Editor in 1.34 ms, found 2 plugins.
Preloading 0 native plugins for Editor in 0.00 ms.
Unloading 1806 Unused Serialized files (Serialized files now loaded: 0)
System memory in use before: 169.8 MB.
System memory in use after: 169.9 MB.

Unloading 7 unused Assets to reduce memory usage. Loaded Objects now: 2390.
Total: 3.142058 ms (FindLiveObjects: 0.455611 ms CreateObjectMapping: 0.135289 ms MarkObjects: 2.510148 ms  DeleteObjects: 0.038793 ms)

========================================================================
Received Import Request.
  Time since last request: 451.476581 seconds.
  path: Assets/Sounds/map3BackgroundSound.mp3
  artifactKey: Guid(7faede9bb57d84c718c08bf67f5afbd0) Importer(815301076,1909f56bfc062723c751e8b465ee728b)
Start importing Assets/Sounds/map3BackgroundSound.mp3 using Guid(7faede9bb57d84c718c08bf67f5afbd0) Importer(815301076,1909f56bfc062723c751e8b465ee728b)  -> (artifact id: 'cc6d1b8bd26765d814966dbf883c16ff') in 1.573443 seconds
  Import took 1.611765 seconds .

========================================================================
Received Prepare
Registering precompiled user dll's ...
Registered in 0.001107 seconds.
Begin MonoManager ReloadAssembly
Native extension for OSXStandalone target not found
Refreshing native plugins compatible for Editor in 0.51 ms, found 2 plugins.
Preloading 0 native plugins for Editor in 0.00 ms.
Invoked RoslynAnalysisRunner static constructor.
RoslynAnalysisRunner will not be running.
RoslynAnalysisRunner has terminated.
Mono: successfully reloaded assembly
- Completed reload, in  1.428 seconds
Platform modules already initialized, skipping
Refreshing native plugins compatible for Editor in 0.53 ms, found 2 plugins.
Preloading 0 native plugins for Editor in 0.00 ms.
Unloading 1806 Unused Serialized files (Serialized files now loaded: 0)
System memory in use before: 174.4 MB.
System memory in use after: 174.4 MB.

Unloading 7 unused Assets to reduce memory usage. Loaded Objects now: 2401.
Total: 2.370834 ms (FindLiveObjects: 0.313259 ms CreateObjectMapping: 0.094936 ms MarkObjects: 1.932104 ms  DeleteObjects: 0.029025 ms)

========================================================================
Received Prepare
Registering precompiled user dll's ...
Registered in 0.001328 seconds.
Begin MonoManager ReloadAssembly
Native extension for OSXStandalone target not found
Refreshing native plugins compatible for Editor in 0.48 ms, found 2 plugins.
Preloading 0 native plugins for Editor in 0.00 ms.
Invoked RoslynAnalysisRunner static constructor.
RoslynAnalysisRunner will not be running.
RoslynAnalysisRunner has terminated.
Mono: successfully reloaded assembly
- Completed reload, in  1.272 seconds
Platform modules already initialized, skipping
Refreshing native plugins compatible for Editor in 0.50 ms, found 2 plugins.
Preloading 0 native plugins for Editor in 0.00 ms.
Unloading 1806 Unused Serialized files (Serialized files now loaded: 0)
System memory in use before: 174.5 MB.
System memory in use after: 174.6 MB.

Unloading 7 unused Assets to reduce memory usage. Loaded Objects now: 2405.
Total: 2.446019 ms (FindLiveObjects: 0.330147 ms CreateObjectMapping: 0.097836 ms MarkObjects: 1.998906 ms  DeleteObjects: 0.016987 ms)

========================================================================
Received Prepare
Registering precompiled user dll's ...
Registered in 0.001632 seconds.
Begin MonoManager ReloadAssembly
Native extension for OSXStandalone target not found
Refreshing native plugins compatible for Editor in 0.48 ms, found 2 plugins.
Preloading 0 native plugins for Editor in 0.00 ms.
Invoked RoslynAnalysisRunner static constructor.
RoslynAnalysisRunner will not be running.
RoslynAnalysisRunner has terminated.
Mono: successfully reloaded assembly
- Completed reload, in  1.430 seconds
Platform modules already initialized, skipping
Refreshing native plugins compatible for Editor in 0.50 ms, found 2 plugins.
Preloading 0 native plugins for Editor in 0.00 ms.
Unloading 1806 Unused Serialized files (Serialized files now loaded: 0)
System memory in use before: 174.7 MB.
System memory in use after: 174.8 MB.

Unloading 7 unused Assets to reduce memory usage. Loaded Objects now: 2409.
Total: 2.986207 ms (FindLiveObjects: 0.587144 ms CreateObjectMapping: 0.191862 ms MarkObjects: 2.188219 ms  DeleteObjects: 0.017889 ms)

========================================================================
Received Prepare
Registering precompiled user dll's ...
Registered in 0.000642 seconds.
Begin MonoManager ReloadAssembly
Native extension for OSXStandalone target not found
Refreshing native plugins compatible for Editor in 0.48 ms, found 2 plugins.
Preloading 0 native plugins for Editor in 0.00 ms.
Invoked RoslynAnalysisRunner static constructor.
RoslynAnalysisRunner will not be running.
RoslynAnalysisRunner has terminated.
Mono: successfully reloaded assembly
- Completed reload, in  1.111 seconds
Platform modules already initialized, skipping
Refreshing native plugins compatible for Editor in 0.44 ms, found 2 plugins.
Preloading 0 native plugins for Editor in 0.00 ms.
Unloading 1806 Unused Serialized files (Serialized files now loaded: 0)
System memory in use before: 175.0 MB.
System memory in use after: 175.1 MB.

Unloading 7 unused Assets to reduce memory usage. Loaded Objects now: 2413.
Total: 2.435924 ms (FindLiveObjects: 0.328324 ms CreateObjectMapping: 0.102125 ms MarkObjects: 1.982760 ms  DeleteObjects: 0.020923 ms)

========================================================================
Received Import Request.
  Time since last request: 185.220289 seconds.
  path: Assets/Scenes/3play1.unity
  artifactKey: Guid(c86791b4b9f5394418ba3e8454787a66) Importer(815301076,1909f56bfc062723c751e8b465ee728b)
Start importing Assets/Scenes/3play1.unity using Guid(c86791b4b9f5394418ba3e8454787a66) Importer(815301076,1909f56bfc062723c751e8b465ee728b)  -> (artifact id: '76bbce951868ccee54b2ad0ff6c62f76') in 0.014995 seconds
  Import took 0.020053 seconds .

========================================================================
Received Prepare
Registering precompiled user dll's ...
Registered in 0.001149 seconds.
Begin MonoManager ReloadAssembly
Native extension for OSXStandalone target not found
Refreshing native plugins compatible for Editor in 0.48 ms, found 2 plugins.
Preloading 0 native plugins for Editor in 0.00 ms.
Invoked RoslynAnalysisRunner static constructor.
RoslynAnalysisRunner will not be running.
RoslynAnalysisRunner has terminated.
Mono: successfully reloaded assembly
- Completed reload, in  1.066 seconds
Platform modules already initialized, skipping
Refreshing native plugins compatible for Editor in 0.42 ms, found 2 plugins.
Preloading 0 native plugins for Editor in 0.00 ms.
Unloading 1806 Unused Serialized files (Serialized files now loaded: 0)
System memory in use before: 175.2 MB.
System memory in use after: 175.3 MB.

Unloading 7 unused Assets to reduce memory usage. Loaded Objects now: 2417.
Total: 2.389205 ms (FindLiveObjects: 0.258032 ms CreateObjectMapping: 0.074510 ms MarkObjects: 2.037992 ms  DeleteObjects: 0.017459 ms)

========================================================================
Received Prepare
Registering precompiled user dll's ...
Registered in 0.000621 seconds.
Begin MonoManager ReloadAssembly
Native extension for OSXStandalone target not found
Refreshing native plugins compatible for Editor in 0.61 ms, found 2 plugins.
Preloading 0 native plugins for Editor in 0.00 ms.
Invoked RoslynAnalysisRunner static constructor.
RoslynAnalysisRunner will not be running.
RoslynAnalysisRunner has terminated.
Mono: successfully reloaded assembly
- Completed reload, in  1.642 seconds
Platform modules already initialized, skipping
Refreshing native plugins compatible for Editor in 0.65 ms, found 2 plugins.
Preloading 0 native plugins for Editor in 0.00 ms.
Unloading 1806 Unused Serialized files (Serialized files now loaded: 0)
System memory in use before: 175.4 MB.
System memory in use after: 175.5 MB.

Unloading 7 unused Assets to reduce memory usage. Loaded Objects now: 2421.
Total: 2.316282 ms (FindLiveObjects: 0.256483 ms CreateObjectMapping: 0.067012 ms MarkObjects: 1.972444 ms  DeleteObjects: 0.019133 ms)

========================================================================
Received Prepare
Registering precompiled user dll's ...
Registered in 0.001163 seconds.
Begin MonoManager ReloadAssembly
Native extension for OSXStandalone target not found
Refreshing native plugins compatible for Editor in 0.74 ms, found 2 plugins.
Preloading 0 native plugins for Editor in 0.00 ms.
Invoked RoslynAnalysisRunner static constructor.
RoslynAnalysisRunner will not be running.
RoslynAnalysisRunner has terminated.
Mono: successfully reloaded assembly
- Completed reload, in  1.264 seconds
Platform modules already initialized, skipping
Refreshing native plugins compatible for Editor in 0.57 ms, found 2 plugins.
Preloading 0 native plugins for Editor in 0.00 ms.
Unloading 1806 Unused Serialized files (Serialized files now loaded: 0)
System memory in use before: 175.6 MB.
System memory in use after: 175.7 MB.

Unloading 7 unused Assets to reduce memory usage. Loaded Objects now: 2425.
Total: 2.464709 ms (FindLiveObjects: 0.370882 ms CreateObjectMapping: 0.130149 ms MarkObjects: 1.944281 ms  DeleteObjects: 0.017754 ms)

========================================================================
Received Prepare
Registering precompiled user dll's ...
Registered in 0.001433 seconds.
Begin MonoManager ReloadAssembly
Native extension for OSXStandalone target not found
Refreshing native plugins compatible for Editor in 0.48 ms, found 2 plugins.
Preloading 0 native plugins for Editor in 0.00 ms.
Invoked RoslynAnalysisRunner static constructor.
RoslynAnalysisRunner will not be running.
RoslynAnalysisRunner has terminated.
Mono: successfully reloaded assembly
- Completed reload, in  1.410 seconds
Platform modules already initialized, skipping
Refreshing native plugins compatible for Editor in 0.78 ms, found 2 plugins.
Preloading 0 native plugins for Editor in 0.00 ms.
Unloading 1806 Unused Serialized files (Serialized files now loaded: 0)
System memory in use before: 175.8 MB.
System memory in use after: 176.0 MB.

Unloading 7 unused Assets to reduce memory usage. Loaded Objects now: 2429.
Total: 3.669197 ms (FindLiveObjects: 0.414585 ms CreateObjectMapping: 0.143806 ms MarkObjects: 3.081040 ms  DeleteObjects: 0.028200 ms)

========================================================================
Received Prepare
Registering precompiled user dll's ...
Registered in 0.002271 seconds.
Begin MonoManager ReloadAssembly
Native extension for OSXStandalone target not found
Refreshing native plugins compatible for Editor in 0.47 ms, found 2 plugins.
Preloading 0 native plugins for Editor in 0.00 ms.
Invoked RoslynAnalysisRunner static constructor.
RoslynAnalysisRunner will not be running.
RoslynAnalysisRunner has terminated.
Mono: successfully reloaded assembly
- Completed reload, in  1.165 seconds
Platform modules already initialized, skipping
Refreshing native plugins compatible for Editor in 0.46 ms, found 2 plugins.
Preloading 0 native plugins for Editor in 0.00 ms.
Unloading 1806 Unused Serialized files (Serialized files now loaded: 0)
System memory in use before: 176.0 MB.
System memory in use after: 176.1 MB.

Unloading 7 unused Assets to reduce memory usage. Loaded Objects now: 2433.
Total: 2.739387 ms (FindLiveObjects: 0.370874 ms CreateObjectMapping: 0.111448 ms MarkObjects: 2.238510 ms  DeleteObjects: 0.016780 ms)

========================================================================
Received Prepare
Registering precompiled user dll's ...
Registered in 0.000994 seconds.
Begin MonoManager ReloadAssembly
Native extension for OSXStandalone target not found
Refreshing native plugins compatible for Editor in 0.68 ms, found 2 plugins.
Preloading 0 native plugins for Editor in 0.00 ms.
Invoked RoslynAnalysisRunner static constructor.
RoslynAnalysisRunner will not be running.
RoslynAnalysisRunner has terminated.
Mono: successfully reloaded assembly
- Completed reload, in  1.758 seconds
Platform modules already initialized, skipping
Refreshing native plugins compatible for Editor in 0.75 ms, found 2 plugins.
Preloading 0 native plugins for Editor in 0.00 ms.
Unloading 1806 Unused Serialized files (Serialized files now loaded: 0)
System memory in use before: 176.2 MB.
System memory in use after: 176.3 MB.

Unloading 7 unused Assets to reduce memory usage. Loaded Objects now: 2437.
Total: 2.692716 ms (FindLiveObjects: 0.473960 ms CreateObjectMapping: 0.112515 ms MarkObjects: 2.065438 ms  DeleteObjects: 0.025185 ms)

========================================================================
Received Prepare
Registering precompiled user dll's ...
Registered in 0.001704 seconds.
Begin MonoManager ReloadAssembly
Native extension for OSXStandalone target not found
Refreshing native plugins compatible for Editor in 0.48 ms, found 2 plugins.
Preloading 0 native plugins for Editor in 0.00 ms.
Invoked RoslynAnalysisRunner static constructor.
RoslynAnalysisRunner will not be running.
RoslynAnalysisRunner has terminated.
Mono: successfully reloaded assembly
- Completed reload, in  1.307 seconds
Platform modules already initialized, skipping
Refreshing native plugins compatible for Editor in 0.44 ms, found 2 plugins.
Preloading 0 native plugins for Editor in 0.00 ms.
Unloading 1806 Unused Serialized files (Serialized files now loaded: 0)
System memory in use before: 176.4 MB.
System memory in use after: 176.5 MB.

Unloading 7 unused Assets to reduce memory usage. Loaded Objects now: 2441.
Total: 2.471144 ms (FindLiveObjects: 0.456617 ms CreateObjectMapping: 0.108474 ms MarkObjects: 1.885266 ms  DeleteObjects: 0.019094 ms)

========================================================================
Received Prepare
Registering precompiled user dll's ...
Registered in 0.001731 seconds.
Begin MonoManager ReloadAssembly
Native extension for OSXStandalone target not found
Refreshing native plugins compatible for Editor in 0.47 ms, found 2 plugins.
Preloading 0 native plugins for Editor in 0.00 ms.
Invoked RoslynAnalysisRunner static constructor.
RoslynAnalysisRunner will not be running.
RoslynAnalysisRunner has terminated.
Mono: successfully reloaded assembly
- Completed reload, in  1.133 seconds
Platform modules already initialized, skipping
Refreshing native plugins compatible for Editor in 0.41 ms, found 2 plugins.
Preloading 0 native plugins for Editor in 0.00 ms.
Unloading 1806 Unused Serialized files (Serialized files now loaded: 0)
System memory in use before: 176.6 MB.
System memory in use after: 176.7 MB.

Unloading 7 unused Assets to reduce memory usage. Loaded Objects now: 2445.
Total: 2.235278 ms (FindLiveObjects: 0.304483 ms CreateObjectMapping: 0.082946 ms MarkObjects: 1.828586 ms  DeleteObjects: 0.018088 ms)

========================================================================
Received Prepare
Registering precompiled user dll's ...
Registered in 0.002005 seconds.
Begin MonoManager ReloadAssembly
Native extension for OSXStandalone target not found
Refreshing native plugins compatible for Editor in 0.95 ms, found 2 plugins.
Preloading 0 native plugins for Editor in 0.00 ms.
Invoked RoslynAnalysisRunner static constructor.
RoslynAnalysisRunner will not be running.
RoslynAnalysisRunner has terminated.
Mono: successfully reloaded assembly
- Completed reload, in  1.589 seconds
Platform modules already initialized, skipping
Refreshing native plugins compatible for Editor in 0.50 ms, found 2 plugins.
Preloading 0 native plugins for Editor in 0.00 ms.
Unloading 1806 Unused Serialized files (Serialized files now loaded: 0)
System memory in use before: 176.8 MB.
System memory in use after: 177.0 MB.

Unloading 7 unused Assets to reduce memory usage. Loaded Objects now: 2449.
Total: 2.723052 ms (FindLiveObjects: 0.591378 ms CreateObjectMapping: 0.117528 ms MarkObjects: 1.968401 ms  DeleteObjects: 0.039734 ms)

========================================================================
Received Prepare
Registering precompiled user dll's ...
Registered in 0.001253 seconds.
Begin MonoManager ReloadAssembly
Native extension for OSXStandalone target not found
Refreshing native plugins compatible for Editor in 0.48 ms, found 2 plugins.
Preloading 0 native plugins for Editor in 0.00 ms.
Invoked RoslynAnalysisRunner static constructor.
RoslynAnalysisRunner will not be running.
RoslynAnalysisRunner has terminated.
Mono: successfully reloaded assembly
- Completed reload, in  1.158 seconds
Platform modules already initialized, skipping
Refreshing native plugins compatible for Editor in 0.47 ms, found 2 plugins.
Preloading 0 native plugins for Editor in 0.00 ms.
Unloading 1806 Unused Serialized files (Serialized files now loaded: 0)
System memory in use before: 177.1 MB.
System memory in use after: 177.2 MB.

Unloading 7 unused Assets to reduce memory usage. Loaded Objects now: 2453.
Total: 2.397442 ms (FindLiveObjects: 0.359150 ms CreateObjectMapping: 0.105511 ms MarkObjects: 1.912322 ms  DeleteObjects: 0.019009 ms)

========================================================================
Received Prepare
Registering precompiled user dll's ...
Registered in 0.002930 seconds.
Begin MonoManager ReloadAssembly
Native extension for OSXStandalone target not found
Refreshing native plugins compatible for Editor in 0.47 ms, found 2 plugins.
Preloading 0 native plugins for Editor in 0.00 ms.
Invoked RoslynAnalysisRunner static constructor.
RoslynAnalysisRunner will not be running.
RoslynAnalysisRunner has terminated.
Mono: successfully reloaded assembly
- Completed reload, in  1.243 seconds
Platform modules already initialized, skipping
Refreshing native plugins compatible for Editor in 0.57 ms, found 2 plugins.
Preloading 0 native plugins for Editor in 0.00 ms.
Unloading 1806 Unused Serialized files (Serialized files now loaded: 0)
System memory in use before: 177.3 MB.
System memory in use after: 177.4 MB.

Unloading 7 unused Assets to reduce memory usage. Loaded Objects now: 2457.
Total: 2.124752 ms (FindLiveObjects: 0.279681 ms CreateObjectMapping: 0.067819 ms MarkObjects: 1.760668 ms  DeleteObjects: 0.015810 ms)

========================================================================
Received Import Request.
  Time since last request: 599.893464 seconds.
  path: Assets/Scenes/1play1.unity
  artifactKey: Guid(4468441a2702c244b9417da6584bddeb) Importer(815301076,1909f56bfc062723c751e8b465ee728b)
Start importing Assets/Scenes/1play1.unity using Guid(4468441a2702c244b9417da6584bddeb) Importer(815301076,1909f56bfc062723c751e8b465ee728b)  -> (artifact id: '91a1b54e248e9a24137d3b0408ddc434') in 0.017167 seconds
  Import took 0.023042 seconds .

========================================================================
Received Prepare
Registering precompiled user dll's ...
Registered in 0.003593 seconds.
Begin MonoManager ReloadAssembly
Native extension for OSXStandalone target not found
Refreshing native plugins compatible for Editor in 0.51 ms, found 2 plugins.
Preloading 0 native plugins for Editor in 0.00 ms.
Invoked RoslynAnalysisRunner static constructor.
RoslynAnalysisRunner will not be running.
RoslynAnalysisRunner has terminated.
Mono: successfully reloaded assembly
- Completed reload, in  1.446 seconds
Platform modules already initialized, skipping
Refreshing native plugins compatible for Editor in 0.39 ms, found 2 plugins.
Preloading 0 native plugins for Editor in 0.00 ms.
Unloading 1806 Unused Serialized files (Serialized files now loaded: 0)
System memory in use before: 177.5 MB.
System memory in use after: 177.6 MB.

Unloading 7 unused Assets to reduce memory usage. Loaded Objects now: 2461.
Total: 2.359539 ms (FindLiveObjects: 0.332535 ms CreateObjectMapping: 0.102784 ms MarkObjects: 1.890897 ms  DeleteObjects: 0.031497 ms)

========================================================================
Received Prepare
Registering precompiled user dll's ...
Registered in 0.000773 seconds.
Begin MonoManager ReloadAssembly
Native extension for OSXStandalone target not found
Refreshing native plugins compatible for Editor in 0.49 ms, found 2 plugins.
Preloading 0 native plugins for Editor in 0.00 ms.
Invoked RoslynAnalysisRunner static constructor.
RoslynAnalysisRunner will not be running.
RoslynAnalysisRunner has terminated.
Mono: successfully reloaded assembly
- Completed reload, in  1.267 seconds
Platform modules already initialized, skipping
Refreshing native plugins compatible for Editor in 0.46 ms, found 2 plugins.
Preloading 0 native plugins for Editor in 0.00 ms.
Unloading 1806 Unused Serialized files (Serialized files now loaded: 0)
System memory in use before: 177.7 MB.
System memory in use after: 177.8 MB.

Unloading 7 unused Assets to reduce memory usage. Loaded Objects now: 2465.
Total: 3.053097 ms (FindLiveObjects: 0.268034 ms CreateObjectMapping: 0.066028 ms MarkObjects: 2.088078 ms  DeleteObjects: 0.629552 ms)

========================================================================
Received Import Request.
  Time since last request: 240.271762 seconds.
  path: Assets/Puzzle stage & settings GUI Pack/Image_purple/Button/ok.png
  artifactKey: Guid(76828bc21492c584a962d193b8d6622a) Importer(815301076,1909f56bfc062723c751e8b465ee728b)
Start importing Assets/Puzzle stage & settings GUI Pack/Image_purple/Button/ok.png using Guid(76828bc21492c584a962d193b8d6622a) Importer(815301076,1909f56bfc062723c751e8b465ee728b)  -> (artifact id: '68a96cf3f1408c44fcd644eb1653c139') in 0.208729 seconds
  Import took 0.220526 seconds .

========================================================================
Received Prepare
Registering precompiled user dll's ...
Registered in 0.000779 seconds.
Begin MonoManager ReloadAssembly
Native extension for OSXStandalone target not found
Refreshing native plugins compatible for Editor in 0.62 ms, found 2 plugins.
Preloading 0 native plugins for Editor in 0.00 ms.
Invoked RoslynAnalysisRunner static constructor.
RoslynAnalysisRunner will not be running.
RoslynAnalysisRunner has terminated.
Mono: successfully reloaded assembly
- Completed reload, in  1.148 seconds
Platform modules already initialized, skipping
Refreshing native plugins compatible for Editor in 0.78 ms, found 2 plugins.
Preloading 0 native plugins for Editor in 0.00 ms.
Unloading 1806 Unused Serialized files (Serialized files now loaded: 0)
System memory in use before: 177.9 MB.
System memory in use after: 178.0 MB.

Unloading 7 unused Assets to reduce memory usage. Loaded Objects now: 2472.
Total: 2.330199 ms (FindLiveObjects: 0.273009 ms CreateObjectMapping: 0.095496 ms MarkObjects: 1.941723 ms  DeleteObjects: 0.018770 ms)

========================================================================
Received Prepare
Registering precompiled user dll's ...
Registered in 0.001607 seconds.
Begin MonoManager ReloadAssembly
Native extension for OSXStandalone target not found
Refreshing native plugins compatible for Editor in 1.02 ms, found 2 plugins.
Preloading 0 native plugins for Editor in 0.00 ms.
Invoked RoslynAnalysisRunner static constructor.
RoslynAnalysisRunner will not be running.
RoslynAnalysisRunner has terminated.
Mono: successfully reloaded assembly
- Completed reload, in  1.257 seconds
Platform modules already initialized, skipping
Refreshing native plugins compatible for Editor in 0.52 ms, found 2 plugins.
Preloading 0 native plugins for Editor in 0.00 ms.
Unloading 1806 Unused Serialized files (Serialized files now loaded: 0)
System memory in use before: 178.1 MB.
System memory in use after: 178.2 MB.

Unloading 7 unused Assets to reduce memory usage. Loaded Objects now: 2476.
Total: 2.299233 ms (FindLiveObjects: 0.273085 ms CreateObjectMapping: 0.062902 ms MarkObjects: 1.946587 ms  DeleteObjects: 0.015495 ms)

========================================================================
Received Prepare
Registering precompiled user dll's ...
Registered in 0.002418 seconds.
Begin MonoManager ReloadAssembly
Native extension for OSXStandalone target not found
Refreshing native plugins compatible for Editor in 0.61 ms, found 2 plugins.
Preloading 0 native plugins for Editor in 0.00 ms.
Invoked RoslynAnalysisRunner static constructor.
RoslynAnalysisRunner will not be running.
RoslynAnalysisRunner has terminated.
Mono: successfully reloaded assembly
- Completed reload, in  1.106 seconds
Platform modules already initialized, skipping
Refreshing native plugins compatible for Editor in 0.61 ms, found 2 plugins.
Preloading 0 native plugins for Editor in 0.00 ms.
Unloading 1806 Unused Serialized files (Serialized files now loaded: 0)
System memory in use before: 178.3 MB.
System memory in use after: 178.4 MB.

Unloading 7 unused Assets to reduce memory usage. Loaded Objects now: 2480.
Total: 2.387653 ms (FindLiveObjects: 0.320061 ms CreateObjectMapping: 0.080475 ms MarkObjects: 1.956335 ms  DeleteObjects: 0.029662 ms)

========================================================================
Received Prepare
Registering precompiled user dll's ...
Registered in 0.001149 seconds.
Begin MonoManager ReloadAssembly
Native extension for OSXStandalone target not found
Refreshing native plugins compatible for Editor in 0.47 ms, found 2 plugins.
Preloading 0 native plugins for Editor in 0.00 ms.
Invoked RoslynAnalysisRunner static constructor.
RoslynAnalysisRunner will not be running.
RoslynAnalysisRunner has terminated.
Mono: successfully reloaded assembly
- Completed reload, in  1.058 seconds
Platform modules already initialized, skipping
Refreshing native plugins compatible for Editor in 0.60 ms, found 2 plugins.
Preloading 0 native plugins for Editor in 0.00 ms.
Unloading 1806 Unused Serialized files (Serialized files now loaded: 0)
System memory in use before: 178.5 MB.
System memory in use after: 178.6 MB.

Unloading 7 unused Assets to reduce memory usage. Loaded Objects now: 2484.
Total: 2.130107 ms (FindLiveObjects: 0.234704 ms CreateObjectMapping: 0.063577 ms MarkObjects: 1.812567 ms  DeleteObjects: 0.018179 ms)

========================================================================
Received Prepare
Registering precompiled user dll's ...
Registered in 0.002586 seconds.
Begin MonoManager ReloadAssembly
Native extension for OSXStandalone target not found
Refreshing native plugins compatible for Editor in 0.51 ms, found 2 plugins.
Preloading 0 native plugins for Editor in 0.00 ms.
Invoked RoslynAnalysisRunner static constructor.
RoslynAnalysisRunner will not be running.
RoslynAnalysisRunner has terminated.
Mono: successfully reloaded assembly
- Completed reload, in  1.049 seconds
Platform modules already initialized, skipping
Refreshing native plugins compatible for Editor in 0.44 ms, found 2 plugins.
Preloading 0 native plugins for Editor in 0.00 ms.
Unloading 1806 Unused Serialized files (Serialized files now loaded: 0)
System memory in use before: 178.7 MB.
System memory in use after: 178.8 MB.

Unloading 7 unused Assets to reduce memory usage. Loaded Objects now: 2488.
Total: 2.143712 ms (FindLiveObjects: 0.244982 ms CreateObjectMapping: 0.072154 ms MarkObjects: 1.807485 ms  DeleteObjects: 0.018043 ms)

========================================================================
Received Prepare
Registering precompiled user dll's ...
Registered in 0.003452 seconds.
Begin MonoManager ReloadAssembly
Native extension for OSXStandalone target not found
Refreshing native plugins compatible for Editor in 0.48 ms, found 2 plugins.
Preloading 0 native plugins for Editor in 0.00 ms.
Invoked RoslynAnalysisRunner static constructor.
RoslynAnalysisRunner will not be running.
RoslynAnalysisRunner has terminated.
Mono: successfully reloaded assembly
- Completed reload, in  1.204 seconds
Platform modules already initialized, skipping
Refreshing native plugins compatible for Editor in 0.45 ms, found 2 plugins.
Preloading 0 native plugins for Editor in 0.00 ms.
Unloading 1806 Unused Serialized files (Serialized files now loaded: 0)
System memory in use before: 178.9 MB.
System memory in use after: 179.0 MB.

Unloading 7 unused Assets to reduce memory usage. Loaded Objects now: 2492.
Total: 2.456010 ms (FindLiveObjects: 0.316586 ms CreateObjectMapping: 0.107588 ms MarkObjects: 2.000729 ms  DeleteObjects: 0.029379 ms)

========================================================================
Received Prepare
Registering precompiled user dll's ...
Registered in 0.000628 seconds.
Begin MonoManager ReloadAssembly
Native extension for OSXStandalone target not found
Refreshing native plugins compatible for Editor in 0.49 ms, found 2 plugins.
Preloading 0 native plugins for Editor in 0.00 ms.
Invoked RoslynAnalysisRunner static constructor.
RoslynAnalysisRunner will not be running.
RoslynAnalysisRunner has terminated.
Mono: successfully reloaded assembly
- Completed reload, in  1.053 seconds
Platform modules already initialized, skipping
Refreshing native plugins compatible for Editor in 0.38 ms, found 2 plugins.
Preloading 0 native plugins for Editor in 0.00 ms.
Unloading 1806 Unused Serialized files (Serialized files now loaded: 0)
System memory in use before: 179.1 MB.
System memory in use after: 179.2 MB.

Unloading 7 unused Assets to reduce memory usage. Loaded Objects now: 2496.
Total: 2.091253 ms (FindLiveObjects: 0.240513 ms CreateObjectMapping: 0.071009 ms MarkObjects: 1.762686 ms  DeleteObjects: 0.015988 ms)

========================================================================
Received Prepare
Registering precompiled user dll's ...
Registered in 0.000776 seconds.
Begin MonoManager ReloadAssembly
Native extension for OSXStandalone target not found
Refreshing native plugins compatible for Editor in 0.48 ms, found 2 plugins.
Preloading 0 native plugins for Editor in 0.00 ms.
Invoked RoslynAnalysisRunner static constructor.
RoslynAnalysisRunner will not be running.
RoslynAnalysisRunner has terminated.
Mono: successfully reloaded assembly
- Completed reload, in  1.047 seconds
Platform modules already initialized, skipping
Refreshing native plugins compatible for Editor in 0.39 ms, found 2 plugins.
Preloading 0 native plugins for Editor in 0.00 ms.
Unloading 1806 Unused Serialized files (Serialized files now loaded: 0)
System memory in use before: 179.3 MB.
System memory in use after: 179.4 MB.

Unloading 7 unused Assets to reduce memory usage. Loaded Objects now: 2500.
Total: 2.196702 ms (FindLiveObjects: 0.253508 ms CreateObjectMapping: 0.070588 ms MarkObjects: 1.830985 ms  DeleteObjects: 0.040447 ms)

========================================================================
Received Prepare
Registering precompiled user dll's ...
Registered in 0.000997 seconds.
Begin MonoManager ReloadAssembly
Native extension for OSXStandalone target not found
Refreshing native plugins compatible for Editor in 0.47 ms, found 2 plugins.
Preloading 0 native plugins for Editor in 0.00 ms.
Invoked RoslynAnalysisRunner static constructor.
RoslynAnalysisRunner will not be running.
RoslynAnalysisRunner has terminated.
Mono: successfully reloaded assembly
- Completed reload, in  1.156 seconds
Platform modules already initialized, skipping
Refreshing native plugins compatible for Editor in 0.43 ms, found 2 plugins.
Preloading 0 native plugins for Editor in 0.00 ms.
Unloading 1806 Unused Serialized files (Serialized files now loaded: 0)
System memory in use before: 179.5 MB.
System memory in use after: 179.6 MB.

Unloading 7 unused Assets to reduce memory usage. Loaded Objects now: 2504.
Total: 2.408062 ms (FindLiveObjects: 0.316229 ms CreateObjectMapping: 0.080741 ms MarkObjects: 1.984489 ms  DeleteObjects: 0.025280 ms)

========================================================================
Received Prepare
Registering precompiled user dll's ...
Registered in 0.002815 seconds.
Begin MonoManager ReloadAssembly
Native extension for OSXStandalone target not found
Refreshing native plugins compatible for Editor in 0.49 ms, found 2 plugins.
Preloading 0 native plugins for Editor in 0.00 ms.
Invoked RoslynAnalysisRunner static constructor.
RoslynAnalysisRunner will not be running.
RoslynAnalysisRunner has terminated.
Mono: successfully reloaded assembly
- Completed reload, in  1.195 seconds
Platform modules already initialized, skipping
Refreshing native plugins compatible for Editor in 0.46 ms, found 2 plugins.
Preloading 0 native plugins for Editor in 0.00 ms.
Unloading 1806 Unused Serialized files (Serialized files now loaded: 0)
System memory in use before: 179.7 MB.
System memory in use after: 179.8 MB.

Unloading 7 unused Assets to reduce memory usage. Loaded Objects now: 2508.
Total: 2.353621 ms (FindLiveObjects: 0.323918 ms CreateObjectMapping: 0.079869 ms MarkObjects: 1.920080 ms  DeleteObjects: 0.028644 ms)

========================================================================
Received Prepare
Registering precompiled user dll's ...
Registered in 0.001081 seconds.
Begin MonoManager ReloadAssembly
Native extension for OSXStandalone target not found
Refreshing native plugins compatible for Editor in 0.48 ms, found 2 plugins.
Preloading 0 native plugins for Editor in 0.00 ms.
Invoked RoslynAnalysisRunner static constructor.
RoslynAnalysisRunner will not be running.
RoslynAnalysisRunner has terminated.
Mono: successfully reloaded assembly
- Completed reload, in  1.100 seconds
Platform modules already initialized, skipping
Refreshing native plugins compatible for Editor in 0.75 ms, found 2 plugins.
Preloading 0 native plugins for Editor in 0.00 ms.
Unloading 1806 Unused Serialized files (Serialized files now loaded: 0)
System memory in use before: 180.0 MB.
System memory in use after: 180.0 MB.

Unloading 7 unused Assets to reduce memory usage. Loaded Objects now: 2512.
Total: 3.641608 ms (FindLiveObjects: 0.383644 ms CreateObjectMapping: 0.110854 ms MarkObjects: 2.154902 ms  DeleteObjects: 0.990168 ms)

========================================================================
Received Import Request.
  Time since last request: 1123.242008 seconds.
  path: Assets/Scenes/1play1.unity
  artifactKey: Guid(4468441a2702c244b9417da6584bddeb) Importer(815301076,1909f56bfc062723c751e8b465ee728b)
Start importing Assets/Scenes/1play1.unity using Guid(4468441a2702c244b9417da6584bddeb) Importer(815301076,1909f56bfc062723c751e8b465ee728b)  -> (artifact id: '220c162c51cc515a163d17ef03c2df6d') in 0.035913 seconds
  Import took 0.040776 seconds .

========================================================================
Received Prepare
Registering precompiled user dll's ...
Registered in 0.006404 seconds.
Begin MonoManager ReloadAssembly
Native extension for OSXStandalone target not found
Refreshing native plugins compatible for Editor in 0.48 ms, found 2 plugins.
Preloading 0 native plugins for Editor in 0.00 ms.
Invoked RoslynAnalysisRunner static constructor.
RoslynAnalysisRunner will not be running.
RoslynAnalysisRunner has terminated.
Mono: successfully reloaded assembly
- Completed reload, in  1.405 seconds
Platform modules already initialized, skipping
Refreshing native plugins compatible for Editor in 0.47 ms, found 2 plugins.
Preloading 0 native plugins for Editor in 0.00 ms.
Unloading 1806 Unused Serialized files (Serialized files now loaded: 0)
System memory in use before: 180.2 MB.
System memory in use after: 180.3 MB.

Unloading 7 unused Assets to reduce memory usage. Loaded Objects now: 2516.
Total: 3.304284 ms (FindLiveObjects: 0.404231 ms CreateObjectMapping: 0.137306 ms MarkObjects: 2.725929 ms  DeleteObjects: 0.035620 ms)

========================================================================
Received Prepare
Registering precompiled user dll's ...
Registered in 0.001160 seconds.
Begin MonoManager ReloadAssembly
Native extension for OSXStandalone target not found
Refreshing native plugins compatible for Editor in 0.47 ms, found 2 plugins.
Preloading 0 native plugins for Editor in 0.00 ms.
Invoked RoslynAnalysisRunner static constructor.
RoslynAnalysisRunner will not be running.
RoslynAnalysisRunner has terminated.
Mono: successfully reloaded assembly
- Completed reload, in  1.210 seconds
Platform modules already initialized, skipping
Refreshing native plugins compatible for Editor in 0.50 ms, found 2 plugins.
Preloading 0 native plugins for Editor in 0.00 ms.
Unloading 1806 Unused Serialized files (Serialized files now loaded: 0)
System memory in use before: 180.4 MB.
System memory in use after: 180.5 MB.

Unloading 7 unused Assets to reduce memory usage. Loaded Objects now: 2520.
Total: 3.036935 ms (FindLiveObjects: 0.345390 ms CreateObjectMapping: 0.104109 ms MarkObjects: 2.566936 ms  DeleteObjects: 0.018669 ms)

========================================================================
Received Import Request.
  Time since last request: 1058.040128 seconds.
  path: Assets/Puzzle stage & settings GUI Pack/Image_purple/star box.png
  artifactKey: Guid(d87e0c7b37f7dcc48bfd54be3b71c7e8) Importer(815301076,1909f56bfc062723c751e8b465ee728b)
Start importing Assets/Puzzle stage & settings GUI Pack/Image_purple/star box.png using Guid(d87e0c7b37f7dcc48bfd54be3b71c7e8) Importer(815301076,1909f56bfc062723c751e8b465ee728b)  -> (artifact id: '874b3919799057e75d0cd6b0a9e7e36c') in 0.308315 seconds
  Import took 0.343085 seconds .

========================================================================
Received Import Request.
  Time since last request: 2.292721 seconds.
  path: Assets/Puzzle stage & settings GUI Pack/Image_purple/star.png
  artifactKey: Guid(dc597dcbf74c3234c995ef7378998a1d) Importer(815301076,1909f56bfc062723c751e8b465ee728b)
Start importing Assets/Puzzle stage & settings GUI Pack/Image_purple/star.png using Guid(dc597dcbf74c3234c995ef7378998a1d) Importer(815301076,1909f56bfc062723c751e8b465ee728b)  -> (artifact id: '2ebcaf937aac760559d9bd9163fc73d3') in 0.028477 seconds
  Import took 0.041056 seconds .

========================================================================
Received Import Request.
  Time since last request: 205.571855 seconds.
  path: Assets/Scenes/1play1.unity
  artifactKey: Guid(4468441a2702c244b9417da6584bddeb) Importer(815301076,1909f56bfc062723c751e8b465ee728b)
Start importing Assets/Scenes/1play1.unity using Guid(4468441a2702c244b9417da6584bddeb) Importer(815301076,1909f56bfc062723c751e8b465ee728b)  -> (artifact id: 'c1aede8135303a1010d8db6b6cefa3c1') in 0.010201 seconds
  Import took 0.019723 seconds .

========================================================================
Received Import Request.
  Time since last request: 260.071950 seconds.
  path: Assets/Prefabs/PopUpWin.prefab
  artifactKey: Guid(54921d7f1e3164222bbebf7cda9aca0e) Importer(815301076,1909f56bfc062723c751e8b465ee728b)
Start importing Assets/Prefabs/PopUpWin.prefab using Guid(54921d7f1e3164222bbebf7cda9aca0e) Importer(815301076,1909f56bfc062723c751e8b465ee728b)  -> (artifact id: '91df3b2bd46cb25d60346071babf6f84') in 0.862103 seconds
  Import took 0.869577 seconds .

